{
"D:\\Projects\\Slack Automation\\promact-oauth-server\\Promact.Oauth.Server\\src\\Promact.Oauth.Server\\wwwroot\\app\\shared\\mocks\\test.connection.js":{"path":"D:\\Projects\\Slack Automation\\promact-oauth-server\\Promact.Oauth.Server\\src\\Promact.Oauth.Server\\wwwroot\\app\\shared\\mocks\\test.connection.js","s":{"1":1,"2":1,"3":1,"4":1,"5":0,"6":0,"7":0,"8":1,"9":1,"10":1,"11":1,"12":1,"13":1,"14":1,"15":1,"16":1,"17":20,"18":20,"19":20,"20":20,"21":20,"22":20,"23":20,"24":20,"25":1,"26":1},"b":{"1":[1,1,1],"2":[1,0],"3":[0,0],"4":[1,0],"5":[1,1],"6":[0,0],"7":[0,0],"8":[0,0],"9":[0,0],"10":[1,0,0],"11":[1,1,1],"12":[1,0],"13":[1,1]},"f":{"1":1,"2":1,"3":20},"fnMap":{"1":{"name":"(anonymous_1)","line":2,"loc":{"start":{"line":2,"column":46},"end":{"line":2,"column":87}}},"2":{"name":"(anonymous_2)","line":8,"loc":{"start":{"line":8,"column":46},"end":{"line":8,"column":62}}},"3":{"name":"(anonymous_3)","line":16,"loc":{"start":{"line":16,"column":18},"end":{"line":16,"column":24}}}},"statementMap":{"1":{"start":{"line":2,"column":0},"end":{"line":7,"column":2}},"2":{"start":{"line":3,"column":4},"end":{"line":3,"column":129}},"3":{"start":{"line":4,"column":4},"end":{"line":5,"column":150}},"4":{"start":{"line":4,"column":79},"end":{"line":4,"column":131}},"5":{"start":{"line":5,"column":9},"end":{"line":5,"column":150}},"6":{"start":{"line":5,"column":58},"end":{"line":5,"column":150}},"7":{"start":{"line":5,"column":81},"end":{"line":5,"column":150}},"8":{"start":{"line":6,"column":4},"end":{"line":6,"column":66}},"9":{"start":{"line":8,"column":0},"end":{"line":10,"column":2}},"10":{"start":{"line":9,"column":4},"end":{"line":9,"column":109}},"11":{"start":{"line":9,"column":79},"end":{"line":9,"column":109}},"12":{"start":{"line":11,"column":0},"end":{"line":11,"column":51}},"13":{"start":{"line":12,"column":0},"end":{"line":12,"column":40}},"14":{"start":{"line":13,"column":0},"end":{"line":13,"column":40}},"15":{"start":{"line":14,"column":0},"end":{"line":14,"column":40}},"16":{"start":{"line":15,"column":0},"end":{"line":32,"column":2}},"17":{"start":{"line":17,"column":8},"end":{"line":17,"column":23}},"18":{"start":{"line":18,"column":8},"end":{"line":22,"column":11}},"19":{"start":{"line":23,"column":8},"end":{"line":23,"column":58}},"20":{"start":{"line":24,"column":8},"end":{"line":24,"column":45}},"21":{"start":{"line":26,"column":8},"end":{"line":28,"column":11}},"22":{"start":{"line":27,"column":12},"end":{"line":27,"column":27}},"23":{"start":{"line":29,"column":8},"end":{"line":29,"column":26}},"24":{"start":{"line":30,"column":8},"end":{"line":30,"column":26}},"25":{"start":{"line":33,"column":0},"end":{"line":36,"column":19}},"26":{"start":{"line":37,"column":0},"end":{"line":37,"column":40}}},"branchMap":{"1":{"line":2,"type":"binary-expr","locations":[{"start":{"line":2,"column":18},"end":{"line":2,"column":22}},{"start":{"line":2,"column":26},"end":{"line":2,"column":41}},{"start":{"line":2,"column":46},"end":{"line":7,"column":1}}]},"2":{"line":3,"type":"cond-expr","locations":[{"start":{"line":3,"column":42},"end":{"line":3,"column":48}},{"start":{"line":3,"column":51},"end":{"line":3,"column":125}}]},"3":{"line":3,"type":"cond-expr","locations":[{"start":{"line":3,"column":67},"end":{"line":3,"column":118}},{"start":{"line":3,"column":121},"end":{"line":3,"column":125}}]},"4":{"line":4,"type":"if","locations":[{"start":{"line":4,"column":4},"end":{"line":4,"column":4}},{"start":{"line":4,"column":4},"end":{"line":4,"column":4}}]},"5":{"line":4,"type":"binary-expr","locations":[{"start":{"line":4,"column":8},"end":{"line":4,"column":35}},{"start":{"line":4,"column":39},"end":{"line":4,"column":77}}]},"6":{"line":5,"type":"if","locations":[{"start":{"line":5,"column":58},"end":{"line":5,"column":58}},{"start":{"line":5,"column":58},"end":{"line":5,"column":58}}]},"7":{"line":5,"type":"binary-expr","locations":[{"start":{"line":5,"column":86},"end":{"line":5,"column":143}},{"start":{"line":5,"column":148},"end":{"line":5,"column":149}}]},"8":{"line":5,"type":"cond-expr","locations":[{"start":{"line":5,"column":94},"end":{"line":5,"column":98}},{"start":{"line":5,"column":101},"end":{"line":5,"column":143}}]},"9":{"line":5,"type":"cond-expr","locations":[{"start":{"line":5,"column":109},"end":{"line":5,"column":126}},{"start":{"line":5,"column":129},"end":{"line":5,"column":143}}]},"10":{"line":6,"type":"binary-expr","locations":[{"start":{"line":6,"column":11},"end":{"line":6,"column":16}},{"start":{"line":6,"column":20},"end":{"line":6,"column":21}},{"start":{"line":6,"column":25},"end":{"line":6,"column":62}}]},"11":{"line":8,"type":"binary-expr","locations":[{"start":{"line":8,"column":18},"end":{"line":8,"column":22}},{"start":{"line":8,"column":26},"end":{"line":8,"column":41}},{"start":{"line":8,"column":46},"end":{"line":10,"column":1}}]},"12":{"line":9,"type":"if","locations":[{"start":{"line":9,"column":4},"end":{"line":9,"column":4}},{"start":{"line":9,"column":4},"end":{"line":9,"column":4}}]},"13":{"line":9,"type":"binary-expr","locations":[{"start":{"line":9,"column":8},"end":{"line":9,"column":35}},{"start":{"line":9,"column":39},"end":{"line":9,"column":77}}]}},"l":{"2":1,"3":1,"4":1,"5":0,"6":1,"8":1,"9":1,"11":1,"12":1,"13":1,"14":1,"15":1,"17":20,"18":20,"23":20,"24":20,"26":20,"27":20,"29":20,"30":20,"33":1,"37":1}},
"D:\\Projects\\Slack Automation\\promact-oauth-server\\Promact.Oauth.Server\\src\\Promact.Oauth.Server\\wwwroot\\app\\users\\user.service.js":{"path":"D:\\Projects\\Slack Automation\\promact-oauth-server\\Promact.Oauth.Server\\src\\Promact.Oauth.Server\\wwwroot\\app\\users\\user.service.js","s":{"1":1,"2":1,"3":1,"4":1,"5":0,"6":0,"7":0,"8":1,"9":1,"10":1,"11":1,"12":1,"13":1,"14":1,"15":1,"16":0,"17":0,"18":0,"19":0,"20":0,"21":0,"22":0,"23":0,"24":0,"25":0,"26":0,"27":0,"28":0,"29":0,"30":1,"31":1},"b":{"1":[1,1,1],"2":[1,0],"3":[0,0],"4":[1,0],"5":[1,1],"6":[0,0],"7":[0,0],"8":[0,0],"9":[0,0],"10":[1,0,0],"11":[1,1,1],"12":[1,0],"13":[1,1]},"f":{"1":1,"2":1,"3":0,"4":0,"5":0,"6":0,"7":0,"8":0,"9":0,"10":0,"11":0,"12":0},"fnMap":{"1":{"name":"(anonymous_1)","line":2,"loc":{"start":{"line":2,"column":46},"end":{"line":2,"column":87}}},"2":{"name":"(anonymous_2)","line":8,"loc":{"start":{"line":8,"column":46},"end":{"line":8,"column":62}}},"3":{"name":"(anonymous_3)","line":15,"loc":{"start":{"line":15,"column":15},"end":{"line":15,"column":53}}},"4":{"name":"(anonymous_4)","line":20,"loc":{"start":{"line":20,"column":12},"end":{"line":20,"column":15}}},"5":{"name":"(anonymous_5)","line":23,"loc":{"start":{"line":23,"column":16},"end":{"line":23,"column":26}}},"6":{"name":"(anonymous_6)","line":28,"loc":{"start":{"line":28,"column":15},"end":{"line":28,"column":24}}},"7":{"name":"(anonymous_7)","line":31,"loc":{"start":{"line":31,"column":12},"end":{"line":31,"column":25}}},"8":{"name":"(anonymous_8)","line":34,"loc":{"start":{"line":34,"column":18},"end":{"line":34,"column":32}}},"9":{"name":"(anonymous_9)","line":37,"loc":{"start":{"line":37,"column":22},"end":{"line":37,"column":33}}},"10":{"name":"(anonymous_10)","line":40,"loc":{"start":{"line":40,"column":19},"end":{"line":40,"column":27}}},"11":{"name":"(anonymous_11)","line":43,"loc":{"start":{"line":43,"column":27},"end":{"line":43,"column":43}}},"12":{"name":"(anonymous_12)","line":46,"loc":{"start":{"line":46,"column":12},"end":{"line":46,"column":15}}}},"statementMap":{"1":{"start":{"line":2,"column":0},"end":{"line":7,"column":2}},"2":{"start":{"line":3,"column":4},"end":{"line":3,"column":129}},"3":{"start":{"line":4,"column":4},"end":{"line":5,"column":150}},"4":{"start":{"line":4,"column":79},"end":{"line":4,"column":131}},"5":{"start":{"line":5,"column":9},"end":{"line":5,"column":150}},"6":{"start":{"line":5,"column":58},"end":{"line":5,"column":150}},"7":{"start":{"line":5,"column":81},"end":{"line":5,"column":150}},"8":{"start":{"line":6,"column":4},"end":{"line":6,"column":66}},"9":{"start":{"line":8,"column":0},"end":{"line":10,"column":2}},"10":{"start":{"line":9,"column":4},"end":{"line":9,"column":109}},"11":{"start":{"line":9,"column":79},"end":{"line":9,"column":109}},"12":{"start":{"line":11,"column":0},"end":{"line":11,"column":40}},"13":{"start":{"line":12,"column":0},"end":{"line":12,"column":50}},"14":{"start":{"line":13,"column":0},"end":{"line":13,"column":39}},"15":{"start":{"line":14,"column":0},"end":{"line":49,"column":2}},"16":{"start":{"line":16,"column":8},"end":{"line":16,"column":39}},"17":{"start":{"line":17,"column":8},"end":{"line":17,"column":61}},"18":{"start":{"line":18,"column":8},"end":{"line":18,"column":34}},"19":{"start":{"line":21,"column":8},"end":{"line":21,"column":61}},"20":{"start":{"line":24,"column":8},"end":{"line":24,"column":32}},"21":{"start":{"line":25,"column":8},"end":{"line":25,"column":59}},"22":{"start":{"line":26,"column":8},"end":{"line":26,"column":69}},"23":{"start":{"line":29,"column":8},"end":{"line":29,"column":65}},"24":{"start":{"line":32,"column":8},"end":{"line":32,"column":72}},"25":{"start":{"line":35,"column":8},"end":{"line":35,"column":95}},"26":{"start":{"line":38,"column":8},"end":{"line":38,"column":82}},"27":{"start":{"line":41,"column":8},"end":{"line":41,"column":76}},"28":{"start":{"line":44,"column":8},"end":{"line":44,"column":96}},"29":{"start":{"line":47,"column":8},"end":{"line":47,"column":63}},"30":{"start":{"line":50,"column":0},"end":{"line":53,"column":16}},"31":{"start":{"line":54,"column":0},"end":{"line":54,"column":34}}},"branchMap":{"1":{"line":2,"type":"binary-expr","locations":[{"start":{"line":2,"column":18},"end":{"line":2,"column":22}},{"start":{"line":2,"column":26},"end":{"line":2,"column":41}},{"start":{"line":2,"column":46},"end":{"line":7,"column":1}}]},"2":{"line":3,"type":"cond-expr","locations":[{"start":{"line":3,"column":42},"end":{"line":3,"column":48}},{"start":{"line":3,"column":51},"end":{"line":3,"column":125}}]},"3":{"line":3,"type":"cond-expr","locations":[{"start":{"line":3,"column":67},"end":{"line":3,"column":118}},{"start":{"line":3,"column":121},"end":{"line":3,"column":125}}]},"4":{"line":4,"type":"if","locations":[{"start":{"line":4,"column":4},"end":{"line":4,"column":4}},{"start":{"line":4,"column":4},"end":{"line":4,"column":4}}]},"5":{"line":4,"type":"binary-expr","locations":[{"start":{"line":4,"column":8},"end":{"line":4,"column":35}},{"start":{"line":4,"column":39},"end":{"line":4,"column":77}}]},"6":{"line":5,"type":"if","locations":[{"start":{"line":5,"column":58},"end":{"line":5,"column":58}},{"start":{"line":5,"column":58},"end":{"line":5,"column":58}}]},"7":{"line":5,"type":"binary-expr","locations":[{"start":{"line":5,"column":86},"end":{"line":5,"column":143}},{"start":{"line":5,"column":148},"end":{"line":5,"column":149}}]},"8":{"line":5,"type":"cond-expr","locations":[{"start":{"line":5,"column":94},"end":{"line":5,"column":98}},{"start":{"line":5,"column":101},"end":{"line":5,"column":143}}]},"9":{"line":5,"type":"cond-expr","locations":[{"start":{"line":5,"column":109},"end":{"line":5,"column":126}},{"start":{"line":5,"column":129},"end":{"line":5,"column":143}}]},"10":{"line":6,"type":"binary-expr","locations":[{"start":{"line":6,"column":11},"end":{"line":6,"column":16}},{"start":{"line":6,"column":20},"end":{"line":6,"column":21}},{"start":{"line":6,"column":25},"end":{"line":6,"column":62}}]},"11":{"line":8,"type":"binary-expr","locations":[{"start":{"line":8,"column":18},"end":{"line":8,"column":22}},{"start":{"line":8,"column":26},"end":{"line":8,"column":41}},{"start":{"line":8,"column":46},"end":{"line":10,"column":1}}]},"12":{"line":9,"type":"if","locations":[{"start":{"line":9,"column":4},"end":{"line":9,"column":4}},{"start":{"line":9,"column":4},"end":{"line":9,"column":4}}]},"13":{"line":9,"type":"binary-expr","locations":[{"start":{"line":9,"column":8},"end":{"line":9,"column":35}},{"start":{"line":9,"column":39},"end":{"line":9,"column":77}}]}},"l":{"2":1,"3":1,"4":1,"5":0,"6":1,"8":1,"9":1,"11":1,"12":1,"13":1,"14":1,"16":0,"17":0,"18":0,"21":0,"24":0,"25":0,"26":0,"29":0,"32":0,"35":0,"38":0,"41":0,"44":0,"47":0,"50":1,"54":1}},
"D:\\Projects\\Slack Automation\\promact-oauth-server\\Promact.Oauth.Server\\src\\Promact.Oauth.Server\\wwwroot\\app\\http.service.js":{"path":"D:\\Projects\\Slack Automation\\promact-oauth-server\\Promact.Oauth.Server\\src\\Promact.Oauth.Server\\wwwroot\\app\\http.service.js","s":{"1":1,"2":1,"3":1,"4":1,"5":0,"6":0,"7":0,"8":1,"9":1,"10":1,"11":1,"12":1,"13":1,"14":1,"15":1,"16":1,"17":1,"18":1,"19":0,"20":0,"21":0,"22":0,"23":0,"24":0,"25":0,"26":0,"27":0,"28":0,"29":0,"30":0,"31":0,"32":0,"33":0,"34":0,"35":0,"36":0,"37":0,"38":0,"39":0,"40":1,"41":1},"b":{"1":[1,1,1],"2":[1,0],"3":[0,0],"4":[1,0],"5":[1,1],"6":[0,0],"7":[0,0],"8":[0,0],"9":[0,0],"10":[1,0,0],"11":[1,1,1],"12":[1,0],"13":[1,1],"14":[0,0],"15":[0,0]},"f":{"1":1,"2":1,"3":0,"4":0,"5":0,"6":0,"7":0,"8":0},"fnMap":{"1":{"name":"(anonymous_1)","line":2,"loc":{"start":{"line":2,"column":46},"end":{"line":2,"column":87}}},"2":{"name":"(anonymous_2)","line":8,"loc":{"start":{"line":8,"column":46},"end":{"line":8,"column":62}}},"3":{"name":"(anonymous_3)","line":18,"loc":{"start":{"line":18,"column":15},"end":{"line":18,"column":22}}},"4":{"name":"(anonymous_4)","line":21,"loc":{"start":{"line":21,"column":7},"end":{"line":21,"column":13}}},"5":{"name":"(anonymous_5)","line":24,"loc":{"start":{"line":24,"column":8},"end":{"line":24,"column":20}}},"6":{"name":"(anonymous_6)","line":30,"loc":{"start":{"line":30,"column":7},"end":{"line":30,"column":19}}},"7":{"name":"(anonymous_7)","line":36,"loc":{"start":{"line":36,"column":10},"end":{"line":36,"column":16}}},"8":{"name":"(anonymous_8)","line":39,"loc":{"start":{"line":39,"column":13},"end":{"line":39,"column":26}}}},"statementMap":{"1":{"start":{"line":2,"column":0},"end":{"line":7,"column":2}},"2":{"start":{"line":3,"column":4},"end":{"line":3,"column":129}},"3":{"start":{"line":4,"column":4},"end":{"line":5,"column":150}},"4":{"start":{"line":4,"column":79},"end":{"line":4,"column":131}},"5":{"start":{"line":5,"column":9},"end":{"line":5,"column":150}},"6":{"start":{"line":5,"column":58},"end":{"line":5,"column":150}},"7":{"start":{"line":5,"column":81},"end":{"line":5,"column":150}},"8":{"start":{"line":6,"column":4},"end":{"line":6,"column":66}},"9":{"start":{"line":8,"column":0},"end":{"line":10,"column":2}},"10":{"start":{"line":9,"column":4},"end":{"line":9,"column":109}},"11":{"start":{"line":9,"column":79},"end":{"line":9,"column":109}},"12":{"start":{"line":11,"column":0},"end":{"line":11,"column":40}},"13":{"start":{"line":12,"column":0},"end":{"line":12,"column":40}},"14":{"start":{"line":13,"column":0},"end":{"line":13,"column":48}},"15":{"start":{"line":14,"column":0},"end":{"line":14,"column":33}},"16":{"start":{"line":15,"column":0},"end":{"line":15,"column":35}},"17":{"start":{"line":16,"column":0},"end":{"line":16,"column":19}},"18":{"start":{"line":17,"column":0},"end":{"line":52,"column":2}},"19":{"start":{"line":19,"column":8},"end":{"line":19,"column":25}},"20":{"start":{"line":22,"column":8},"end":{"line":22,"column":73}},"21":{"start":{"line":22,"column":60},"end":{"line":22,"column":70}},"22":{"start":{"line":25,"column":8},"end":{"line":25,"column":44}},"23":{"start":{"line":26,"column":8},"end":{"line":26,"column":96}},"24":{"start":{"line":27,"column":8},"end":{"line":27,"column":70}},"25":{"start":{"line":28,"column":8},"end":{"line":28,"column":93}},"26":{"start":{"line":28,"column":80},"end":{"line":28,"column":90}},"27":{"start":{"line":31,"column":8},"end":{"line":31,"column":44}},"28":{"start":{"line":32,"column":8},"end":{"line":32,"column":96}},"29":{"start":{"line":33,"column":8},"end":{"line":33,"column":70}},"30":{"start":{"line":34,"column":8},"end":{"line":34,"column":92}},"31":{"start":{"line":34,"column":79},"end":{"line":34,"column":89}},"32":{"start":{"line":37,"column":8},"end":{"line":37,"column":76}},"33":{"start":{"line":37,"column":63},"end":{"line":37,"column":73}},"34":{"start":{"line":40,"column":8},"end":{"line":50,"column":11}},"35":{"start":{"line":41,"column":12},"end":{"line":49,"column":13}},"36":{"start":{"line":42,"column":16},"end":{"line":42,"column":41}},"37":{"start":{"line":44,"column":17},"end":{"line":49,"column":13}},"38":{"start":{"line":45,"column":16},"end":{"line":45,"column":58}},"39":{"start":{"line":48,"column":16},"end":{"line":48,"column":58}},"40":{"start":{"line":53,"column":0},"end":{"line":56,"column":16}},"41":{"start":{"line":57,"column":0},"end":{"line":57,"column":34}}},"branchMap":{"1":{"line":2,"type":"binary-expr","locations":[{"start":{"line":2,"column":18},"end":{"line":2,"column":22}},{"start":{"line":2,"column":26},"end":{"line":2,"column":41}},{"start":{"line":2,"column":46},"end":{"line":7,"column":1}}]},"2":{"line":3,"type":"cond-expr","locations":[{"start":{"line":3,"column":42},"end":{"line":3,"column":48}},{"start":{"line":3,"column":51},"end":{"line":3,"column":125}}]},"3":{"line":3,"type":"cond-expr","locations":[{"start":{"line":3,"column":67},"end":{"line":3,"column":118}},{"start":{"line":3,"column":121},"end":{"line":3,"column":125}}]},"4":{"line":4,"type":"if","locations":[{"start":{"line":4,"column":4},"end":{"line":4,"column":4}},{"start":{"line":4,"column":4},"end":{"line":4,"column":4}}]},"5":{"line":4,"type":"binary-expr","locations":[{"start":{"line":4,"column":8},"end":{"line":4,"column":35}},{"start":{"line":4,"column":39},"end":{"line":4,"column":77}}]},"6":{"line":5,"type":"if","locations":[{"start":{"line":5,"column":58},"end":{"line":5,"column":58}},{"start":{"line":5,"column":58},"end":{"line":5,"column":58}}]},"7":{"line":5,"type":"binary-expr","locations":[{"start":{"line":5,"column":86},"end":{"line":5,"column":143}},{"start":{"line":5,"column":148},"end":{"line":5,"column":149}}]},"8":{"line":5,"type":"cond-expr","locations":[{"start":{"line":5,"column":94},"end":{"line":5,"column":98}},{"start":{"line":5,"column":101},"end":{"line":5,"column":143}}]},"9":{"line":5,"type":"cond-expr","locations":[{"start":{"line":5,"column":109},"end":{"line":5,"column":126}},{"start":{"line":5,"column":129},"end":{"line":5,"column":143}}]},"10":{"line":6,"type":"binary-expr","locations":[{"start":{"line":6,"column":11},"end":{"line":6,"column":16}},{"start":{"line":6,"column":20},"end":{"line":6,"column":21}},{"start":{"line":6,"column":25},"end":{"line":6,"column":62}}]},"11":{"line":8,"type":"binary-expr","locations":[{"start":{"line":8,"column":18},"end":{"line":8,"column":22}},{"start":{"line":8,"column":26},"end":{"line":8,"column":41}},{"start":{"line":8,"column":46},"end":{"line":10,"column":1}}]},"12":{"line":9,"type":"if","locations":[{"start":{"line":9,"column":4},"end":{"line":9,"column":4}},{"start":{"line":9,"column":4},"end":{"line":9,"column":4}}]},"13":{"line":9,"type":"binary-expr","locations":[{"start":{"line":9,"column":8},"end":{"line":9,"column":35}},{"start":{"line":9,"column":39},"end":{"line":9,"column":77}}]},"14":{"line":41,"type":"if","locations":[{"start":{"line":41,"column":12},"end":{"line":41,"column":12}},{"start":{"line":41,"column":12},"end":{"line":41,"column":12}}]},"15":{"line":44,"type":"if","locations":[{"start":{"line":44,"column":17},"end":{"line":44,"column":17}},{"start":{"line":44,"column":17},"end":{"line":44,"column":17}}]}},"l":{"2":1,"3":1,"4":1,"5":0,"6":1,"8":1,"9":1,"11":1,"12":1,"13":1,"14":1,"15":1,"16":1,"17":1,"19":0,"22":0,"25":0,"26":0,"27":0,"28":0,"31":0,"32":0,"33":0,"34":0,"37":0,"40":0,"41":0,"42":0,"44":0,"45":0,"48":0,"53":1,"57":1}},
"D:\\Projects\\Slack Automation\\promact-oauth-server\\Promact.Oauth.Server\\src\\Promact.Oauth.Server\\wwwroot\\app\\users\\user-password.model.js":{"path":"D:\\Projects\\Slack Automation\\promact-oauth-server\\Promact.Oauth.Server\\src\\Promact.Oauth.Server\\wwwroot\\app\\users\\user-password.model.js","s":{"1":1},"b":{},"f":{},"fnMap":{},"statementMap":{"1":{"start":{"line":4,"column":0},"end":{"line":4,"column":38}}},"branchMap":{},"l":{"4":1}},
"D:\\Projects\\Slack Automation\\promact-oauth-server\\Promact.Oauth.Server\\src\\Promact.Oauth.Server\\wwwroot\\app\\shared\\mocks\\user\\mock.user.service.js":{"path":"D:\\Projects\\Slack Automation\\promact-oauth-server\\Promact.Oauth.Server\\src\\Promact.Oauth.Server\\wwwroot\\app\\shared\\mocks\\user\\mock.user.service.js","s":{"1":1,"2":1,"3":1,"4":1,"5":0,"6":0,"7":0,"8":1,"9":1,"10":1,"11":1,"12":1,"13":1,"14":1,"15":1,"16":7,"17":7,"18":2,"19":2,"20":2,"21":2,"22":2,"23":2,"24":0,"25":0,"26":0,"27":0,"28":0,"29":0,"30":0,"31":0,"32":0,"33":1,"34":1,"35":1,"36":1,"37":1,"38":1,"39":1,"40":1,"41":2,"42":2,"43":2,"44":2,"45":2,"46":2,"47":2,"48":1,"49":1,"50":2,"51":2,"52":0,"53":0},"b":{"1":[1,1,1],"2":[1,0],"3":[0,0],"4":[1,0],"5":[1,1],"6":[0,0],"7":[0,0],"8":[0,0],"9":[0,0],"10":[1,0,0],"11":[1,1,1],"12":[1,0],"13":[1,1],"14":[0,0]},"f":{"1":1,"2":1,"3":7,"4":2,"5":0,"6":0,"7":1,"8":1,"9":1,"10":2,"11":2,"12":2,"13":0},"fnMap":{"1":{"name":"(anonymous_1)","line":2,"loc":{"start":{"line":2,"column":46},"end":{"line":2,"column":87}}},"2":{"name":"(anonymous_2)","line":8,"loc":{"start":{"line":8,"column":46},"end":{"line":8,"column":62}}},"3":{"name":"(anonymous_3)","line":15,"loc":{"start":{"line":15,"column":15},"end":{"line":15,"column":33}}},"4":{"name":"(anonymous_4)","line":19,"loc":{"start":{"line":19,"column":12},"end":{"line":19,"column":15}}},"5":{"name":"(anonymous_5)","line":27,"loc":{"start":{"line":27,"column":16},"end":{"line":27,"column":26}}},"6":{"name":"(anonymous_6)","line":31,"loc":{"start":{"line":31,"column":15},"end":{"line":31,"column":24}}},"7":{"name":"(anonymous_7)","line":42,"loc":{"start":{"line":42,"column":12},"end":{"line":42,"column":25}}},"8":{"name":"(anonymous_8)","line":46,"loc":{"start":{"line":46,"column":18},"end":{"line":46,"column":32}}},"9":{"name":"(anonymous_9)","line":55,"loc":{"start":{"line":55,"column":19},"end":{"line":55,"column":27}}},"10":{"name":"(anonymous_10)","line":60,"loc":{"start":{"line":60,"column":12},"end":{"line":60,"column":15}}},"11":{"name":"(anonymous_11)","line":76,"loc":{"start":{"line":76,"column":15},"end":{"line":76,"column":18}}},"12":{"name":"(anonymous_12)","line":81,"loc":{"start":{"line":81,"column":15},"end":{"line":81,"column":18}}},"13":{"name":"(anonymous_13)","line":87,"loc":{"start":{"line":87,"column":15},"end":{"line":87,"column":20}}}},"statementMap":{"1":{"start":{"line":2,"column":0},"end":{"line":7,"column":2}},"2":{"start":{"line":3,"column":4},"end":{"line":3,"column":129}},"3":{"start":{"line":4,"column":4},"end":{"line":5,"column":150}},"4":{"start":{"line":4,"column":79},"end":{"line":4,"column":131}},"5":{"start":{"line":5,"column":9},"end":{"line":5,"column":150}},"6":{"start":{"line":5,"column":58},"end":{"line":5,"column":150}},"7":{"start":{"line":5,"column":81},"end":{"line":5,"column":150}},"8":{"start":{"line":6,"column":4},"end":{"line":6,"column":66}},"9":{"start":{"line":8,"column":0},"end":{"line":10,"column":2}},"10":{"start":{"line":9,"column":4},"end":{"line":9,"column":109}},"11":{"start":{"line":9,"column":79},"end":{"line":9,"column":109}},"12":{"start":{"line":11,"column":0},"end":{"line":11,"column":40}},"13":{"start":{"line":12,"column":0},"end":{"line":12,"column":58}},"14":{"start":{"line":13,"column":0},"end":{"line":13,"column":44}},"15":{"start":{"line":14,"column":0},"end":{"line":69,"column":2}},"16":{"start":{"line":16,"column":8},"end":{"line":16,"column":47}},"17":{"start":{"line":17,"column":8},"end":{"line":17,"column":34}},"18":{"start":{"line":20,"column":8},"end":{"line":20,"column":38}},"19":{"start":{"line":21,"column":8},"end":{"line":21,"column":42}},"20":{"start":{"line":22,"column":8},"end":{"line":22,"column":40}},"21":{"start":{"line":23,"column":8},"end":{"line":23,"column":48}},"22":{"start":{"line":24,"column":8},"end":{"line":24,"column":86}},"23":{"start":{"line":25,"column":8},"end":{"line":25,"column":26}},"24":{"start":{"line":28,"column":8},"end":{"line":28,"column":85}},"25":{"start":{"line":29,"column":8},"end":{"line":29,"column":26}},"26":{"start":{"line":32,"column":8},"end":{"line":32,"column":45}},"27":{"start":{"line":33,"column":8},"end":{"line":37,"column":9}},"28":{"start":{"line":34,"column":12},"end":{"line":34,"column":46}},"29":{"start":{"line":35,"column":12},"end":{"line":35,"column":44}},"30":{"start":{"line":36,"column":12},"end":{"line":36,"column":52}},"31":{"start":{"line":38,"column":8},"end":{"line":38,"column":95}},"32":{"start":{"line":39,"column":8},"end":{"line":39,"column":26}},"33":{"start":{"line":43,"column":8},"end":{"line":43,"column":88}},"34":{"start":{"line":44,"column":8},"end":{"line":44,"column":26}},"35":{"start":{"line":47,"column":8},"end":{"line":47,"column":26}},"36":{"start":{"line":48,"column":8},"end":{"line":48,"column":84}},"37":{"start":{"line":49,"column":8},"end":{"line":49,"column":26}},"38":{"start":{"line":56,"column":8},"end":{"line":56,"column":32}},"39":{"start":{"line":57,"column":8},"end":{"line":57,"column":90}},"40":{"start":{"line":58,"column":8},"end":{"line":58,"column":26}},"41":{"start":{"line":61,"column":8},"end":{"line":61,"column":37}},"42":{"start":{"line":62,"column":8},"end":{"line":62,"column":38}},"43":{"start":{"line":63,"column":8},"end":{"line":63,"column":26}},"44":{"start":{"line":64,"column":8},"end":{"line":64,"column":39}},"45":{"start":{"line":65,"column":8},"end":{"line":65,"column":34}},"46":{"start":{"line":66,"column":8},"end":{"line":66,"column":88}},"47":{"start":{"line":67,"column":8},"end":{"line":67,"column":26}},"48":{"start":{"line":70,"column":0},"end":{"line":73,"column":20}},"49":{"start":{"line":74,"column":0},"end":{"line":74,"column":42}},"50":{"start":{"line":77,"column":8},"end":{"line":77,"column":16}},"51":{"start":{"line":82,"column":8},"end":{"line":82,"column":16}},"52":{"start":{"line":88,"column":8},"end":{"line":88,"column":16}},"53":{"start":{"line":89,"column":8},"end":{"line":89,"column":21}}},"branchMap":{"1":{"line":2,"type":"binary-expr","locations":[{"start":{"line":2,"column":18},"end":{"line":2,"column":22}},{"start":{"line":2,"column":26},"end":{"line":2,"column":41}},{"start":{"line":2,"column":46},"end":{"line":7,"column":1}}]},"2":{"line":3,"type":"cond-expr","locations":[{"start":{"line":3,"column":42},"end":{"line":3,"column":48}},{"start":{"line":3,"column":51},"end":{"line":3,"column":125}}]},"3":{"line":3,"type":"cond-expr","locations":[{"start":{"line":3,"column":67},"end":{"line":3,"column":118}},{"start":{"line":3,"column":121},"end":{"line":3,"column":125}}]},"4":{"line":4,"type":"if","locations":[{"start":{"line":4,"column":4},"end":{"line":4,"column":4}},{"start":{"line":4,"column":4},"end":{"line":4,"column":4}}]},"5":{"line":4,"type":"binary-expr","locations":[{"start":{"line":4,"column":8},"end":{"line":4,"column":35}},{"start":{"line":4,"column":39},"end":{"line":4,"column":77}}]},"6":{"line":5,"type":"if","locations":[{"start":{"line":5,"column":58},"end":{"line":5,"column":58}},{"start":{"line":5,"column":58},"end":{"line":5,"column":58}}]},"7":{"line":5,"type":"binary-expr","locations":[{"start":{"line":5,"column":86},"end":{"line":5,"column":143}},{"start":{"line":5,"column":148},"end":{"line":5,"column":149}}]},"8":{"line":5,"type":"cond-expr","locations":[{"start":{"line":5,"column":94},"end":{"line":5,"column":98}},{"start":{"line":5,"column":101},"end":{"line":5,"column":143}}]},"9":{"line":5,"type":"cond-expr","locations":[{"start":{"line":5,"column":109},"end":{"line":5,"column":126}},{"start":{"line":5,"column":129},"end":{"line":5,"column":143}}]},"10":{"line":6,"type":"binary-expr","locations":[{"start":{"line":6,"column":11},"end":{"line":6,"column":16}},{"start":{"line":6,"column":20},"end":{"line":6,"column":21}},{"start":{"line":6,"column":25},"end":{"line":6,"column":62}}]},"11":{"line":8,"type":"binary-expr","locations":[{"start":{"line":8,"column":18},"end":{"line":8,"column":22}},{"start":{"line":8,"column":26},"end":{"line":8,"column":41}},{"start":{"line":8,"column":46},"end":{"line":10,"column":1}}]},"12":{"line":9,"type":"if","locations":[{"start":{"line":9,"column":4},"end":{"line":9,"column":4}},{"start":{"line":9,"column":4},"end":{"line":9,"column":4}}]},"13":{"line":9,"type":"binary-expr","locations":[{"start":{"line":9,"column":8},"end":{"line":9,"column":35}},{"start":{"line":9,"column":39},"end":{"line":9,"column":77}}]},"14":{"line":33,"type":"if","locations":[{"start":{"line":33,"column":8},"end":{"line":33,"column":8}},{"start":{"line":33,"column":8},"end":{"line":33,"column":8}}]}},"l":{"2":1,"3":1,"4":1,"5":0,"6":1,"8":1,"9":1,"11":1,"12":1,"13":1,"14":1,"16":7,"17":7,"20":2,"21":2,"22":2,"23":2,"24":2,"25":2,"28":0,"29":0,"32":0,"33":0,"34":0,"35":0,"36":0,"38":0,"39":0,"43":1,"44":1,"47":1,"48":1,"49":1,"56":1,"57":1,"58":1,"61":2,"62":2,"63":2,"64":2,"65":2,"66":2,"67":2,"70":1,"74":1,"77":2,"82":2,"88":0,"89":0}},
"D:\\Projects\\Slack Automation\\promact-oauth-server\\Promact.Oauth.Server\\src\\Promact.Oauth.Server\\wwwroot\\app\\users\\User.model.js":{"path":"D:\\Projects\\Slack Automation\\promact-oauth-server\\Promact.Oauth.Server\\src\\Promact.Oauth.Server\\wwwroot\\app\\users\\User.model.js","s":{"1":1},"b":{},"f":{},"fnMap":{},"statementMap":{"1":{"start":{"line":4,"column":0},"end":{"line":4,"column":30}}},"branchMap":{},"l":{"4":1}},
"D:\\Projects\\Slack Automation\\promact-oauth-server\\Promact.Oauth.Server\\src\\Promact.Oauth.Server\\wwwroot\\app\\shared\\mocks\\mock.base.js":{"path":"D:\\Projects\\Slack Automation\\promact-oauth-server\\Promact.Oauth.Server\\src\\Promact.Oauth.Server\\wwwroot\\app\\shared\\mocks\\mock.base.js","s":{"1":1,"2":1,"3":1,"4":1,"5":0,"6":0,"7":0,"8":1,"9":1,"10":1,"11":1,"12":1,"13":1,"14":1,"15":1,"16":17,"17":20,"18":20,"19":20,"20":20,"21":1,"22":1},"b":{"1":[1,1,1],"2":[1,0],"3":[0,0],"4":[1,0],"5":[1,1],"6":[0,0],"7":[0,0],"8":[0,0],"9":[0,0],"10":[1,0,0],"11":[1,1,1],"12":[1,0],"13":[1,1]},"f":{"1":1,"2":1,"3":17,"4":20},"fnMap":{"1":{"name":"(anonymous_1)","line":2,"loc":{"start":{"line":2,"column":46},"end":{"line":2,"column":87}}},"2":{"name":"(anonymous_2)","line":8,"loc":{"start":{"line":8,"column":46},"end":{"line":8,"column":62}}},"3":{"name":"(anonymous_3)","line":15,"loc":{"start":{"line":15,"column":15},"end":{"line":15,"column":28}}},"4":{"name":"(anonymous_4)","line":19,"loc":{"start":{"line":19,"column":19},"end":{"line":19,"column":35}}}},"statementMap":{"1":{"start":{"line":2,"column":0},"end":{"line":7,"column":2}},"2":{"start":{"line":3,"column":4},"end":{"line":3,"column":129}},"3":{"start":{"line":4,"column":4},"end":{"line":5,"column":150}},"4":{"start":{"line":4,"column":79},"end":{"line":4,"column":131}},"5":{"start":{"line":5,"column":9},"end":{"line":5,"column":150}},"6":{"start":{"line":5,"column":58},"end":{"line":5,"column":150}},"7":{"start":{"line":5,"column":81},"end":{"line":5,"column":150}},"8":{"start":{"line":6,"column":4},"end":{"line":6,"column":66}},"9":{"start":{"line":8,"column":0},"end":{"line":10,"column":2}},"10":{"start":{"line":9,"column":4},"end":{"line":9,"column":109}},"11":{"start":{"line":9,"column":79},"end":{"line":9,"column":109}},"12":{"start":{"line":11,"column":0},"end":{"line":11,"column":55}},"13":{"start":{"line":12,"column":0},"end":{"line":12,"column":40}},"14":{"start":{"line":13,"column":0},"end":{"line":13,"column":40}},"15":{"start":{"line":14,"column":0},"end":{"line":26,"column":2}},"16":{"start":{"line":16,"column":8},"end":{"line":16,"column":37}},"17":{"start":{"line":20,"column":8},"end":{"line":20,"column":61}},"18":{"start":{"line":21,"column":8},"end":{"line":21,"column":91}},"19":{"start":{"line":23,"column":8},"end":{"line":23,"column":48}},"20":{"start":{"line":24,"column":8},"end":{"line":24,"column":35}},"21":{"start":{"line":27,"column":0},"end":{"line":30,"column":20}},"22":{"start":{"line":31,"column":0},"end":{"line":31,"column":42}}},"branchMap":{"1":{"line":2,"type":"binary-expr","locations":[{"start":{"line":2,"column":18},"end":{"line":2,"column":22}},{"start":{"line":2,"column":26},"end":{"line":2,"column":41}},{"start":{"line":2,"column":46},"end":{"line":7,"column":1}}]},"2":{"line":3,"type":"cond-expr","locations":[{"start":{"line":3,"column":42},"end":{"line":3,"column":48}},{"start":{"line":3,"column":51},"end":{"line":3,"column":125}}]},"3":{"line":3,"type":"cond-expr","locations":[{"start":{"line":3,"column":67},"end":{"line":3,"column":118}},{"start":{"line":3,"column":121},"end":{"line":3,"column":125}}]},"4":{"line":4,"type":"if","locations":[{"start":{"line":4,"column":4},"end":{"line":4,"column":4}},{"start":{"line":4,"column":4},"end":{"line":4,"column":4}}]},"5":{"line":4,"type":"binary-expr","locations":[{"start":{"line":4,"column":8},"end":{"line":4,"column":35}},{"start":{"line":4,"column":39},"end":{"line":4,"column":77}}]},"6":{"line":5,"type":"if","locations":[{"start":{"line":5,"column":58},"end":{"line":5,"column":58}},{"start":{"line":5,"column":58},"end":{"line":5,"column":58}}]},"7":{"line":5,"type":"binary-expr","locations":[{"start":{"line":5,"column":86},"end":{"line":5,"column":143}},{"start":{"line":5,"column":148},"end":{"line":5,"column":149}}]},"8":{"line":5,"type":"cond-expr","locations":[{"start":{"line":5,"column":94},"end":{"line":5,"column":98}},{"start":{"line":5,"column":101},"end":{"line":5,"column":143}}]},"9":{"line":5,"type":"cond-expr","locations":[{"start":{"line":5,"column":109},"end":{"line":5,"column":126}},{"start":{"line":5,"column":129},"end":{"line":5,"column":143}}]},"10":{"line":6,"type":"binary-expr","locations":[{"start":{"line":6,"column":11},"end":{"line":6,"column":16}},{"start":{"line":6,"column":20},"end":{"line":6,"column":21}},{"start":{"line":6,"column":25},"end":{"line":6,"column":62}}]},"11":{"line":8,"type":"binary-expr","locations":[{"start":{"line":8,"column":18},"end":{"line":8,"column":22}},{"start":{"line":8,"column":26},"end":{"line":8,"column":41}},{"start":{"line":8,"column":46},"end":{"line":10,"column":1}}]},"12":{"line":9,"type":"if","locations":[{"start":{"line":9,"column":4},"end":{"line":9,"column":4}},{"start":{"line":9,"column":4},"end":{"line":9,"column":4}}]},"13":{"line":9,"type":"binary-expr","locations":[{"start":{"line":9,"column":8},"end":{"line":9,"column":35}},{"start":{"line":9,"column":39},"end":{"line":9,"column":77}}]}},"l":{"2":1,"3":1,"4":1,"5":0,"6":1,"8":1,"9":1,"11":1,"12":1,"13":1,"14":1,"16":17,"20":20,"21":20,"23":20,"24":20,"27":1,"31":1}},
"D:\\Projects\\Slack Automation\\promact-oauth-server\\Promact.Oauth.Server\\src\\Promact.Oauth.Server\\wwwroot\\app\\shared\\mocks\\mock.router.js":{"path":"D:\\Projects\\Slack Automation\\promact-oauth-server\\Promact.Oauth.Server\\src\\Promact.Oauth.Server\\wwwroot\\app\\shared\\mocks\\mock.router.js","s":{"1":1,"2":1,"3":1,"4":1,"5":0,"6":0,"7":0,"8":1,"9":1,"10":1,"11":1,"12":1,"13":1,"14":2,"15":1,"16":1},"b":{"1":[1,1,1],"2":[1,0],"3":[0,0],"4":[1,0],"5":[1,1],"6":[0,0],"7":[0,0],"8":[0,0],"9":[0,0],"10":[1,0,0],"11":[1,1,1],"12":[1,0],"13":[1,1]},"f":{"1":1,"2":1,"3":2},"fnMap":{"1":{"name":"(anonymous_1)","line":2,"loc":{"start":{"line":2,"column":46},"end":{"line":2,"column":87}}},"2":{"name":"(anonymous_2)","line":8,"loc":{"start":{"line":8,"column":46},"end":{"line":8,"column":62}}},"3":{"name":"(anonymous_3)","line":14,"loc":{"start":{"line":14,"column":12},"end":{"line":14,"column":15}}}},"statementMap":{"1":{"start":{"line":2,"column":0},"end":{"line":7,"column":2}},"2":{"start":{"line":3,"column":4},"end":{"line":3,"column":129}},"3":{"start":{"line":4,"column":4},"end":{"line":5,"column":150}},"4":{"start":{"line":4,"column":79},"end":{"line":4,"column":131}},"5":{"start":{"line":5,"column":9},"end":{"line":5,"column":150}},"6":{"start":{"line":5,"column":58},"end":{"line":5,"column":150}},"7":{"start":{"line":5,"column":81},"end":{"line":5,"column":150}},"8":{"start":{"line":6,"column":4},"end":{"line":6,"column":66}},"9":{"start":{"line":8,"column":0},"end":{"line":10,"column":2}},"10":{"start":{"line":9,"column":4},"end":{"line":9,"column":109}},"11":{"start":{"line":9,"column":79},"end":{"line":9,"column":109}},"12":{"start":{"line":11,"column":0},"end":{"line":11,"column":40}},"13":{"start":{"line":13,"column":0},"end":{"line":17,"column":2}},"14":{"start":{"line":15,"column":8},"end":{"line":15,"column":20}},"15":{"start":{"line":18,"column":0},"end":{"line":21,"column":15}},"16":{"start":{"line":22,"column":0},"end":{"line":22,"column":32}}},"branchMap":{"1":{"line":2,"type":"binary-expr","locations":[{"start":{"line":2,"column":18},"end":{"line":2,"column":22}},{"start":{"line":2,"column":26},"end":{"line":2,"column":41}},{"start":{"line":2,"column":46},"end":{"line":7,"column":1}}]},"2":{"line":3,"type":"cond-expr","locations":[{"start":{"line":3,"column":42},"end":{"line":3,"column":48}},{"start":{"line":3,"column":51},"end":{"line":3,"column":125}}]},"3":{"line":3,"type":"cond-expr","locations":[{"start":{"line":3,"column":67},"end":{"line":3,"column":118}},{"start":{"line":3,"column":121},"end":{"line":3,"column":125}}]},"4":{"line":4,"type":"if","locations":[{"start":{"line":4,"column":4},"end":{"line":4,"column":4}},{"start":{"line":4,"column":4},"end":{"line":4,"column":4}}]},"5":{"line":4,"type":"binary-expr","locations":[{"start":{"line":4,"column":8},"end":{"line":4,"column":35}},{"start":{"line":4,"column":39},"end":{"line":4,"column":77}}]},"6":{"line":5,"type":"if","locations":[{"start":{"line":5,"column":58},"end":{"line":5,"column":58}},{"start":{"line":5,"column":58},"end":{"line":5,"column":58}}]},"7":{"line":5,"type":"binary-expr","locations":[{"start":{"line":5,"column":86},"end":{"line":5,"column":143}},{"start":{"line":5,"column":148},"end":{"line":5,"column":149}}]},"8":{"line":5,"type":"cond-expr","locations":[{"start":{"line":5,"column":94},"end":{"line":5,"column":98}},{"start":{"line":5,"column":101},"end":{"line":5,"column":143}}]},"9":{"line":5,"type":"cond-expr","locations":[{"start":{"line":5,"column":109},"end":{"line":5,"column":126}},{"start":{"line":5,"column":129},"end":{"line":5,"column":143}}]},"10":{"line":6,"type":"binary-expr","locations":[{"start":{"line":6,"column":11},"end":{"line":6,"column":16}},{"start":{"line":6,"column":20},"end":{"line":6,"column":21}},{"start":{"line":6,"column":25},"end":{"line":6,"column":62}}]},"11":{"line":8,"type":"binary-expr","locations":[{"start":{"line":8,"column":18},"end":{"line":8,"column":22}},{"start":{"line":8,"column":26},"end":{"line":8,"column":41}},{"start":{"line":8,"column":46},"end":{"line":10,"column":1}}]},"12":{"line":9,"type":"if","locations":[{"start":{"line":9,"column":4},"end":{"line":9,"column":4}},{"start":{"line":9,"column":4},"end":{"line":9,"column":4}}]},"13":{"line":9,"type":"binary-expr","locations":[{"start":{"line":9,"column":8},"end":{"line":9,"column":35}},{"start":{"line":9,"column":39},"end":{"line":9,"column":77}}]}},"l":{"2":1,"3":1,"4":1,"5":0,"6":1,"8":1,"9":1,"11":1,"13":1,"15":2,"18":1,"22":1}},
"D:\\Projects\\Slack Automation\\promact-oauth-server\\Promact.Oauth.Server\\src\\Promact.Oauth.Server\\wwwroot\\app\\shared\\mocks\\mock.toast.js":{"path":"D:\\Projects\\Slack Automation\\promact-oauth-server\\Promact.Oauth.Server\\src\\Promact.Oauth.Server\\wwwroot\\app\\shared\\mocks\\mock.toast.js","s":{"1":1,"2":1,"3":1,"4":1,"5":0,"6":0,"7":0,"8":1,"9":1,"10":1,"11":1,"12":1,"13":1,"14":5,"15":0,"16":1,"17":1},"b":{"1":[1,1,1],"2":[1,0],"3":[0,0],"4":[1,0],"5":[1,1],"6":[0,0],"7":[0,0],"8":[0,0],"9":[0,0],"10":[1,0,0],"11":[1,1,1],"12":[1,0],"13":[1,1]},"f":{"1":1,"2":1,"3":5,"4":0},"fnMap":{"1":{"name":"(anonymous_1)","line":2,"loc":{"start":{"line":2,"column":46},"end":{"line":2,"column":87}}},"2":{"name":"(anonymous_2)","line":8,"loc":{"start":{"line":8,"column":46},"end":{"line":8,"column":62}}},"3":{"name":"(anonymous_3)","line":13,"loc":{"start":{"line":13,"column":8},"end":{"line":13,"column":11}}},"4":{"name":"(anonymous_4)","line":16,"loc":{"start":{"line":16,"column":8},"end":{"line":16,"column":11}}}},"statementMap":{"1":{"start":{"line":2,"column":0},"end":{"line":7,"column":2}},"2":{"start":{"line":3,"column":4},"end":{"line":3,"column":129}},"3":{"start":{"line":4,"column":4},"end":{"line":5,"column":150}},"4":{"start":{"line":4,"column":79},"end":{"line":4,"column":131}},"5":{"start":{"line":5,"column":9},"end":{"line":5,"column":150}},"6":{"start":{"line":5,"column":58},"end":{"line":5,"column":150}},"7":{"start":{"line":5,"column":81},"end":{"line":5,"column":150}},"8":{"start":{"line":6,"column":4},"end":{"line":6,"column":66}},"9":{"start":{"line":8,"column":0},"end":{"line":10,"column":2}},"10":{"start":{"line":9,"column":4},"end":{"line":9,"column":109}},"11":{"start":{"line":9,"column":79},"end":{"line":9,"column":109}},"12":{"start":{"line":11,"column":0},"end":{"line":11,"column":40}},"13":{"start":{"line":12,"column":0},"end":{"line":19,"column":2}},"14":{"start":{"line":14,"column":8},"end":{"line":14,"column":20}},"15":{"start":{"line":17,"column":8},"end":{"line":17,"column":21}},"16":{"start":{"line":20,"column":0},"end":{"line":23,"column":14}},"17":{"start":{"line":24,"column":0},"end":{"line":24,"column":30}}},"branchMap":{"1":{"line":2,"type":"binary-expr","locations":[{"start":{"line":2,"column":18},"end":{"line":2,"column":22}},{"start":{"line":2,"column":26},"end":{"line":2,"column":41}},{"start":{"line":2,"column":46},"end":{"line":7,"column":1}}]},"2":{"line":3,"type":"cond-expr","locations":[{"start":{"line":3,"column":42},"end":{"line":3,"column":48}},{"start":{"line":3,"column":51},"end":{"line":3,"column":125}}]},"3":{"line":3,"type":"cond-expr","locations":[{"start":{"line":3,"column":67},"end":{"line":3,"column":118}},{"start":{"line":3,"column":121},"end":{"line":3,"column":125}}]},"4":{"line":4,"type":"if","locations":[{"start":{"line":4,"column":4},"end":{"line":4,"column":4}},{"start":{"line":4,"column":4},"end":{"line":4,"column":4}}]},"5":{"line":4,"type":"binary-expr","locations":[{"start":{"line":4,"column":8},"end":{"line":4,"column":35}},{"start":{"line":4,"column":39},"end":{"line":4,"column":77}}]},"6":{"line":5,"type":"if","locations":[{"start":{"line":5,"column":58},"end":{"line":5,"column":58}},{"start":{"line":5,"column":58},"end":{"line":5,"column":58}}]},"7":{"line":5,"type":"binary-expr","locations":[{"start":{"line":5,"column":86},"end":{"line":5,"column":143}},{"start":{"line":5,"column":148},"end":{"line":5,"column":149}}]},"8":{"line":5,"type":"cond-expr","locations":[{"start":{"line":5,"column":94},"end":{"line":5,"column":98}},{"start":{"line":5,"column":101},"end":{"line":5,"column":143}}]},"9":{"line":5,"type":"cond-expr","locations":[{"start":{"line":5,"column":109},"end":{"line":5,"column":126}},{"start":{"line":5,"column":129},"end":{"line":5,"column":143}}]},"10":{"line":6,"type":"binary-expr","locations":[{"start":{"line":6,"column":11},"end":{"line":6,"column":16}},{"start":{"line":6,"column":20},"end":{"line":6,"column":21}},{"start":{"line":6,"column":25},"end":{"line":6,"column":62}}]},"11":{"line":8,"type":"binary-expr","locations":[{"start":{"line":8,"column":18},"end":{"line":8,"column":22}},{"start":{"line":8,"column":26},"end":{"line":8,"column":41}},{"start":{"line":8,"column":46},"end":{"line":10,"column":1}}]},"12":{"line":9,"type":"if","locations":[{"start":{"line":9,"column":4},"end":{"line":9,"column":4}},{"start":{"line":9,"column":4},"end":{"line":9,"column":4}}]},"13":{"line":9,"type":"binary-expr","locations":[{"start":{"line":9,"column":8},"end":{"line":9,"column":35}},{"start":{"line":9,"column":39},"end":{"line":9,"column":77}}]}},"l":{"2":1,"3":1,"4":1,"5":0,"6":1,"8":1,"9":1,"11":1,"12":1,"14":5,"17":0,"20":1,"24":1}},
"D:\\Projects\\Slack Automation\\promact-oauth-server\\Promact.Oauth.Server\\src\\Promact.Oauth.Server\\wwwroot\\app\\change-password\\change-password.component.js":{"path":"D:\\Projects\\Slack Automation\\promact-oauth-server\\Promact.Oauth.Server\\src\\Promact.Oauth.Server\\wwwroot\\app\\change-password\\change-password.component.js","s":{"1":1,"2":2,"3":2,"4":2,"5":0,"6":0,"7":0,"8":2,"9":1,"10":2,"11":2,"12":1,"13":1,"14":1,"15":1,"16":1,"17":1,"18":1,"19":1,"20":1,"21":1,"22":1,"23":1,"24":1,"25":1,"26":1,"27":1,"28":1,"29":0,"30":0,"31":0,"32":0,"33":0,"34":0,"35":0,"36":0,"37":0,"38":0,"39":0,"40":1,"41":1,"42":1},"b":{"1":[1,1,1],"2":[1,1],"3":[0,1],"4":[2,0],"5":[2,2],"6":[0,0],"7":[0,0],"8":[0,0],"9":[0,0],"10":[2,1,0],"11":[1,1,1],"12":[2,0],"13":[2,2],"14":[1,0],"15":[0,0],"16":[0,0],"17":[0,0],"18":[0,0],"19":[0,0,0],"20":[0,0],"21":[0,0,0]},"f":{"1":2,"2":2,"3":1,"4":1,"5":0,"6":0,"7":0},"fnMap":{"1":{"name":"(anonymous_1)","line":2,"loc":{"start":{"line":2,"column":46},"end":{"line":2,"column":87}}},"2":{"name":"(anonymous_2)","line":8,"loc":{"start":{"line":8,"column":46},"end":{"line":8,"column":62}}},"3":{"name":"(anonymous_3)","line":18,"loc":{"start":{"line":18,"column":15},"end":{"line":18,"column":61}}},"4":{"name":"(anonymous_4)","line":26,"loc":{"start":{"line":26,"column":18},"end":{"line":26,"column":34}}},"5":{"name":"(anonymous_5)","line":38,"loc":{"start":{"line":38,"column":17},"end":{"line":38,"column":48}}},"6":{"name":"(anonymous_6)","line":51,"loc":{"start":{"line":51,"column":21},"end":{"line":51,"column":65}}},"7":{"name":"(anonymous_7)","line":60,"loc":{"start":{"line":60,"column":10},"end":{"line":60,"column":13}}}},"statementMap":{"1":{"start":{"line":2,"column":0},"end":{"line":7,"column":2}},"2":{"start":{"line":3,"column":4},"end":{"line":3,"column":129}},"3":{"start":{"line":4,"column":4},"end":{"line":5,"column":150}},"4":{"start":{"line":4,"column":79},"end":{"line":4,"column":131}},"5":{"start":{"line":5,"column":9},"end":{"line":5,"column":150}},"6":{"start":{"line":5,"column":58},"end":{"line":5,"column":150}},"7":{"start":{"line":5,"column":81},"end":{"line":5,"column":150}},"8":{"start":{"line":6,"column":4},"end":{"line":6,"column":66}},"9":{"start":{"line":8,"column":0},"end":{"line":10,"column":2}},"10":{"start":{"line":9,"column":4},"end":{"line":9,"column":109}},"11":{"start":{"line":9,"column":79},"end":{"line":9,"column":109}},"12":{"start":{"line":11,"column":0},"end":{"line":11,"column":40}},"13":{"start":{"line":12,"column":0},"end":{"line":12,"column":56}},"14":{"start":{"line":13,"column":0},"end":{"line":13,"column":70}},"15":{"start":{"line":14,"column":0},"end":{"line":14,"column":42}},"16":{"start":{"line":15,"column":0},"end":{"line":15,"column":44}},"17":{"start":{"line":16,"column":0},"end":{"line":16,"column":37}},"18":{"start":{"line":17,"column":0},"end":{"line":63,"column":2}},"19":{"start":{"line":19,"column":8},"end":{"line":19,"column":39}},"20":{"start":{"line":20,"column":8},"end":{"line":20,"column":49}},"21":{"start":{"line":21,"column":8},"end":{"line":21,"column":27}},"22":{"start":{"line":22,"column":8},"end":{"line":22,"column":27}},"23":{"start":{"line":23,"column":8},"end":{"line":23,"column":71}},"24":{"start":{"line":24,"column":8},"end":{"line":24,"column":32}},"25":{"start":{"line":27,"column":8},"end":{"line":36,"column":11}},"26":{"start":{"line":28,"column":12},"end":{"line":34,"column":13}},"27":{"start":{"line":29,"column":16},"end":{"line":29,"column":65}},"28":{"start":{"line":30,"column":16},"end":{"line":30,"column":63}},"29":{"start":{"line":32,"column":17},"end":{"line":34,"column":13}},"30":{"start":{"line":33,"column":16},"end":{"line":33,"column":50}},"31":{"start":{"line":39,"column":8},"end":{"line":49,"column":9}},"32":{"start":{"line":40,"column":12},"end":{"line":40,"column":36}},"33":{"start":{"line":43,"column":12},"end":{"line":48,"column":13}},"34":{"start":{"line":44,"column":16},"end":{"line":44,"column":40}},"35":{"start":{"line":47,"column":16},"end":{"line":47,"column":39}},"36":{"start":{"line":53,"column":8},"end":{"line":58,"column":9}},"37":{"start":{"line":54,"column":12},"end":{"line":54,"column":31}},"38":{"start":{"line":57,"column":12},"end":{"line":57,"column":32}},"39":{"start":{"line":61,"column":8},"end":{"line":61,"column":55}},"40":{"start":{"line":64,"column":0},"end":{"line":67,"column":63}},"41":{"start":{"line":68,"column":0},"end":{"line":75,"column":28}},"42":{"start":{"line":76,"column":0},"end":{"line":76,"column":58}}},"branchMap":{"1":{"line":2,"type":"binary-expr","locations":[{"start":{"line":2,"column":18},"end":{"line":2,"column":22}},{"start":{"line":2,"column":26},"end":{"line":2,"column":41}},{"start":{"line":2,"column":46},"end":{"line":7,"column":1}}]},"2":{"line":3,"type":"cond-expr","locations":[{"start":{"line":3,"column":42},"end":{"line":3,"column":48}},{"start":{"line":3,"column":51},"end":{"line":3,"column":125}}]},"3":{"line":3,"type":"cond-expr","locations":[{"start":{"line":3,"column":67},"end":{"line":3,"column":118}},{"start":{"line":3,"column":121},"end":{"line":3,"column":125}}]},"4":{"line":4,"type":"if","locations":[{"start":{"line":4,"column":4},"end":{"line":4,"column":4}},{"start":{"line":4,"column":4},"end":{"line":4,"column":4}}]},"5":{"line":4,"type":"binary-expr","locations":[{"start":{"line":4,"column":8},"end":{"line":4,"column":35}},{"start":{"line":4,"column":39},"end":{"line":4,"column":77}}]},"6":{"line":5,"type":"if","locations":[{"start":{"line":5,"column":58},"end":{"line":5,"column":58}},{"start":{"line":5,"column":58},"end":{"line":5,"column":58}}]},"7":{"line":5,"type":"binary-expr","locations":[{"start":{"line":5,"column":86},"end":{"line":5,"column":143}},{"start":{"line":5,"column":148},"end":{"line":5,"column":149}}]},"8":{"line":5,"type":"cond-expr","locations":[{"start":{"line":5,"column":94},"end":{"line":5,"column":98}},{"start":{"line":5,"column":101},"end":{"line":5,"column":143}}]},"9":{"line":5,"type":"cond-expr","locations":[{"start":{"line":5,"column":109},"end":{"line":5,"column":126}},{"start":{"line":5,"column":129},"end":{"line":5,"column":143}}]},"10":{"line":6,"type":"binary-expr","locations":[{"start":{"line":6,"column":11},"end":{"line":6,"column":16}},{"start":{"line":6,"column":20},"end":{"line":6,"column":21}},{"start":{"line":6,"column":25},"end":{"line":6,"column":62}}]},"11":{"line":8,"type":"binary-expr","locations":[{"start":{"line":8,"column":18},"end":{"line":8,"column":22}},{"start":{"line":8,"column":26},"end":{"line":8,"column":41}},{"start":{"line":8,"column":46},"end":{"line":10,"column":1}}]},"12":{"line":9,"type":"if","locations":[{"start":{"line":9,"column":4},"end":{"line":9,"column":4}},{"start":{"line":9,"column":4},"end":{"line":9,"column":4}}]},"13":{"line":9,"type":"binary-expr","locations":[{"start":{"line":9,"column":8},"end":{"line":9,"column":35}},{"start":{"line":9,"column":39},"end":{"line":9,"column":77}}]},"14":{"line":28,"type":"if","locations":[{"start":{"line":28,"column":12},"end":{"line":28,"column":12}},{"start":{"line":28,"column":12},"end":{"line":28,"column":12}}]},"15":{"line":32,"type":"if","locations":[{"start":{"line":32,"column":17},"end":{"line":32,"column":17}},{"start":{"line":32,"column":17},"end":{"line":32,"column":17}}]},"16":{"line":39,"type":"if","locations":[{"start":{"line":39,"column":8},"end":{"line":39,"column":8}},{"start":{"line":39,"column":8},"end":{"line":39,"column":8}}]},"17":{"line":39,"type":"binary-expr","locations":[{"start":{"line":39,"column":12},"end":{"line":39,"column":40}},{"start":{"line":39,"column":44},"end":{"line":39,"column":68}}]},"18":{"line":43,"type":"if","locations":[{"start":{"line":43,"column":12},"end":{"line":43,"column":12}},{"start":{"line":43,"column":12},"end":{"line":43,"column":12}}]},"19":{"line":43,"type":"binary-expr","locations":[{"start":{"line":43,"column":16},"end":{"line":43,"column":46}},{"start":{"line":43,"column":51},"end":{"line":43,"column":79}},{"start":{"line":43,"column":83},"end":{"line":43,"column":107}}]},"20":{"line":53,"type":"if","locations":[{"start":{"line":53,"column":8},"end":{"line":53,"column":8}},{"start":{"line":53,"column":8},"end":{"line":53,"column":8}}]},"21":{"line":53,"type":"binary-expr","locations":[{"start":{"line":53,"column":12},"end":{"line":53,"column":38}},{"start":{"line":53,"column":43},"end":{"line":53,"column":67}},{"start":{"line":53,"column":71},"end":{"line":53,"column":95}}]}},"l":{"2":1,"3":2,"4":2,"5":0,"6":2,"8":1,"9":2,"11":1,"12":1,"13":1,"14":1,"15":1,"16":1,"17":1,"19":1,"20":1,"21":1,"22":1,"23":1,"24":1,"27":1,"28":1,"29":1,"30":1,"32":0,"33":0,"39":0,"40":0,"43":0,"44":0,"47":0,"53":0,"54":0,"57":0,"61":0,"64":1,"68":1,"76":1}},
"D:\\Projects\\Slack Automation\\promact-oauth-server\\Promact.Oauth.Server\\src\\Promact.Oauth.Server\\wwwroot\\app\\users\\user-add\\user-add.component.js":{"path":"D:\\Projects\\Slack Automation\\promact-oauth-server\\Promact.Oauth.Server\\src\\Promact.Oauth.Server\\wwwroot\\app\\users\\user-add\\user-add.component.js","s":{"1":1,"2":2,"3":2,"4":2,"5":0,"6":0,"7":0,"8":2,"9":1,"10":2,"11":2,"12":1,"13":1,"14":1,"15":1,"16":1,"17":1,"18":3,"19":3,"20":3,"21":3,"22":3,"23":3,"24":0,"25":1,"26":1,"27":1,"28":1,"29":1,"30":1,"31":0,"32":0,"33":0,"34":0,"35":0,"36":0,"37":0,"38":0,"39":1,"40":1,"41":1,"42":1,"43":1,"44":0,"45":0,"46":0,"47":0,"48":0,"49":0,"50":0,"51":1,"52":1,"53":1},"b":{"1":[1,1,1],"2":[1,1],"3":[0,1],"4":[2,0],"5":[2,2],"6":[0,0],"7":[0,0],"8":[0,0],"9":[0,0],"10":[2,1,0],"11":[1,1,1],"12":[2,0],"13":[2,2],"14":[1,0],"15":[0,1],"16":[0,0],"17":[0,0],"18":[0,0],"19":[1,0],"20":[0,0]},"f":{"1":2,"2":2,"3":3,"4":0,"5":1,"6":1,"7":1,"8":0,"9":0},"fnMap":{"1":{"name":"(anonymous_1)","line":2,"loc":{"start":{"line":2,"column":46},"end":{"line":2,"column":87}}},"2":{"name":"(anonymous_2)","line":8,"loc":{"start":{"line":8,"column":46},"end":{"line":8,"column":62}}},"3":{"name":"(anonymous_3)","line":17,"loc":{"start":{"line":17,"column":15},"end":{"line":17,"column":61}}},"4":{"name":"(anonymous_4)","line":25,"loc":{"start":{"line":25,"column":12},"end":{"line":25,"column":15}}},"5":{"name":"(anonymous_5)","line":28,"loc":{"start":{"line":28,"column":12},"end":{"line":28,"column":15}}},"6":{"name":"(anonymous_6)","line":38,"loc":{"start":{"line":38,"column":11},"end":{"line":38,"column":23}}},"7":{"name":"(anonymous_7)","line":61,"loc":{"start":{"line":61,"column":14},"end":{"line":61,"column":22}}},"8":{"name":"(anonymous_8)","line":73,"loc":{"start":{"line":73,"column":22},"end":{"line":73,"column":38}}},"9":{"name":"(anonymous_9)","line":85,"loc":{"start":{"line":85,"column":10},"end":{"line":85,"column":13}}}},"statementMap":{"1":{"start":{"line":2,"column":0},"end":{"line":7,"column":2}},"2":{"start":{"line":3,"column":4},"end":{"line":3,"column":129}},"3":{"start":{"line":4,"column":4},"end":{"line":5,"column":150}},"4":{"start":{"line":4,"column":79},"end":{"line":4,"column":131}},"5":{"start":{"line":5,"column":9},"end":{"line":5,"column":150}},"6":{"start":{"line":5,"column":58},"end":{"line":5,"column":150}},"7":{"start":{"line":5,"column":81},"end":{"line":5,"column":150}},"8":{"start":{"line":6,"column":4},"end":{"line":6,"column":66}},"9":{"start":{"line":8,"column":0},"end":{"line":10,"column":2}},"10":{"start":{"line":9,"column":4},"end":{"line":9,"column":109}},"11":{"start":{"line":9,"column":79},"end":{"line":9,"column":109}},"12":{"start":{"line":11,"column":0},"end":{"line":11,"column":40}},"13":{"start":{"line":12,"column":0},"end":{"line":12,"column":50}},"14":{"start":{"line":13,"column":0},"end":{"line":13,"column":46}},"15":{"start":{"line":14,"column":0},"end":{"line":14,"column":44}},"16":{"start":{"line":15,"column":0},"end":{"line":15,"column":37}},"17":{"start":{"line":16,"column":0},"end":{"line":88,"column":2}},"18":{"start":{"line":18,"column":8},"end":{"line":18,"column":39}},"19":{"start":{"line":19,"column":8},"end":{"line":19,"column":49}},"20":{"start":{"line":20,"column":8},"end":{"line":20,"column":27}},"21":{"start":{"line":21,"column":8},"end":{"line":21,"column":27}},"22":{"start":{"line":22,"column":8},"end":{"line":22,"column":54}},"23":{"start":{"line":23,"column":8},"end":{"line":23,"column":30}},"24":{"start":{"line":26,"column":8},"end":{"line":26,"column":24}},"25":{"start":{"line":29,"column":8},"end":{"line":36,"column":11}},"26":{"start":{"line":30,"column":12},"end":{"line":34,"column":13}},"27":{"start":{"line":31,"column":16},"end":{"line":33,"column":17}},"28":{"start":{"line":32,"column":20},"end":{"line":32,"column":53}},"29":{"start":{"line":39,"column":8},"end":{"line":39,"column":64}},"30":{"start":{"line":40,"column":8},"end":{"line":59,"column":9}},"31":{"start":{"line":41,"column":12},"end":{"line":55,"column":13}},"32":{"start":{"line":42,"column":16},"end":{"line":51,"column":19}},"33":{"start":{"line":43,"column":20},"end":{"line":49,"column":21}},"34":{"start":{"line":44,"column":24},"end":{"line":44,"column":68}},"35":{"start":{"line":45,"column":24},"end":{"line":45,"column":71}},"36":{"start":{"line":47,"column":25},"end":{"line":49,"column":21}},"37":{"start":{"line":48,"column":24},"end":{"line":48,"column":69}},"38":{"start":{"line":54,"column":16},"end":{"line":54,"column":65}},"39":{"start":{"line":58,"column":12},"end":{"line":58,"column":64}},"40":{"start":{"line":62,"column":8},"end":{"line":62,"column":34}},"41":{"start":{"line":63,"column":8},"end":{"line":71,"column":11}},"42":{"start":{"line":64,"column":12},"end":{"line":69,"column":13}},"43":{"start":{"line":65,"column":16},"end":{"line":65,"column":41}},"44":{"start":{"line":68,"column":16},"end":{"line":68,"column":42}},"45":{"start":{"line":74,"column":8},"end":{"line":74,"column":42}},"46":{"start":{"line":75,"column":8},"end":{"line":83,"column":11}},"47":{"start":{"line":76,"column":12},"end":{"line":81,"column":13}},"48":{"start":{"line":77,"column":16},"end":{"line":77,"column":49}},"49":{"start":{"line":80,"column":16},"end":{"line":80,"column":50}},"50":{"start":{"line":86,"column":8},"end":{"line":86,"column":55}},"51":{"start":{"line":89,"column":0},"end":{"line":92,"column":52}},"52":{"start":{"line":93,"column":0},"end":{"line":99,"column":21}},"53":{"start":{"line":100,"column":0},"end":{"line":100,"column":44}}},"branchMap":{"1":{"line":2,"type":"binary-expr","locations":[{"start":{"line":2,"column":18},"end":{"line":2,"column":22}},{"start":{"line":2,"column":26},"end":{"line":2,"column":41}},{"start":{"line":2,"column":46},"end":{"line":7,"column":1}}]},"2":{"line":3,"type":"cond-expr","locations":[{"start":{"line":3,"column":42},"end":{"line":3,"column":48}},{"start":{"line":3,"column":51},"end":{"line":3,"column":125}}]},"3":{"line":3,"type":"cond-expr","locations":[{"start":{"line":3,"column":67},"end":{"line":3,"column":118}},{"start":{"line":3,"column":121},"end":{"line":3,"column":125}}]},"4":{"line":4,"type":"if","locations":[{"start":{"line":4,"column":4},"end":{"line":4,"column":4}},{"start":{"line":4,"column":4},"end":{"line":4,"column":4}}]},"5":{"line":4,"type":"binary-expr","locations":[{"start":{"line":4,"column":8},"end":{"line":4,"column":35}},{"start":{"line":4,"column":39},"end":{"line":4,"column":77}}]},"6":{"line":5,"type":"if","locations":[{"start":{"line":5,"column":58},"end":{"line":5,"column":58}},{"start":{"line":5,"column":58},"end":{"line":5,"column":58}}]},"7":{"line":5,"type":"binary-expr","locations":[{"start":{"line":5,"column":86},"end":{"line":5,"column":143}},{"start":{"line":5,"column":148},"end":{"line":5,"column":149}}]},"8":{"line":5,"type":"cond-expr","locations":[{"start":{"line":5,"column":94},"end":{"line":5,"column":98}},{"start":{"line":5,"column":101},"end":{"line":5,"column":143}}]},"9":{"line":5,"type":"cond-expr","locations":[{"start":{"line":5,"column":109},"end":{"line":5,"column":126}},{"start":{"line":5,"column":129},"end":{"line":5,"column":143}}]},"10":{"line":6,"type":"binary-expr","locations":[{"start":{"line":6,"column":11},"end":{"line":6,"column":16}},{"start":{"line":6,"column":20},"end":{"line":6,"column":21}},{"start":{"line":6,"column":25},"end":{"line":6,"column":62}}]},"11":{"line":8,"type":"binary-expr","locations":[{"start":{"line":8,"column":18},"end":{"line":8,"column":22}},{"start":{"line":8,"column":26},"end":{"line":8,"column":41}},{"start":{"line":8,"column":46},"end":{"line":10,"column":1}}]},"12":{"line":9,"type":"if","locations":[{"start":{"line":9,"column":4},"end":{"line":9,"column":4}},{"start":{"line":9,"column":4},"end":{"line":9,"column":4}}]},"13":{"line":9,"type":"binary-expr","locations":[{"start":{"line":9,"column":8},"end":{"line":9,"column":35}},{"start":{"line":9,"column":39},"end":{"line":9,"column":77}}]},"14":{"line":30,"type":"if","locations":[{"start":{"line":30,"column":12},"end":{"line":30,"column":12}},{"start":{"line":30,"column":12},"end":{"line":30,"column":12}}]},"15":{"line":40,"type":"if","locations":[{"start":{"line":40,"column":8},"end":{"line":40,"column":8}},{"start":{"line":40,"column":8},"end":{"line":40,"column":8}}]},"16":{"line":41,"type":"if","locations":[{"start":{"line":41,"column":12},"end":{"line":41,"column":12}},{"start":{"line":41,"column":12},"end":{"line":41,"column":12}}]},"17":{"line":43,"type":"if","locations":[{"start":{"line":43,"column":20},"end":{"line":43,"column":20}},{"start":{"line":43,"column":20},"end":{"line":43,"column":20}}]},"18":{"line":47,"type":"if","locations":[{"start":{"line":47,"column":25},"end":{"line":47,"column":25}},{"start":{"line":47,"column":25},"end":{"line":47,"column":25}}]},"19":{"line":64,"type":"if","locations":[{"start":{"line":64,"column":12},"end":{"line":64,"column":12}},{"start":{"line":64,"column":12},"end":{"line":64,"column":12}}]},"20":{"line":76,"type":"if","locations":[{"start":{"line":76,"column":12},"end":{"line":76,"column":12}},{"start":{"line":76,"column":12},"end":{"line":76,"column":12}}]}},"l":{"2":1,"3":2,"4":2,"5":0,"6":2,"8":1,"9":2,"11":1,"12":1,"13":1,"14":1,"15":1,"16":1,"18":3,"19":3,"20":3,"21":3,"22":3,"23":3,"26":0,"29":1,"30":1,"31":1,"32":1,"39":1,"40":1,"41":0,"42":0,"43":0,"44":0,"45":0,"47":0,"48":0,"54":0,"58":1,"62":1,"63":1,"64":1,"65":1,"68":0,"74":0,"75":0,"76":0,"77":0,"80":0,"86":0,"89":1,"93":1,"100":1}},
"D:\\Projects\\Slack Automation\\promact-oauth-server\\Promact.Oauth.Server\\src\\Promact.Oauth.Server\\wwwroot\\app\\users\\user.model.js":{"path":"D:\\Projects\\Slack Automation\\promact-oauth-server\\Promact.Oauth.Server\\src\\Promact.Oauth.Server\\wwwroot\\app\\users\\user.model.js","s":{"1":1},"b":{},"f":{},"fnMap":{},"statementMap":{"1":{"start":{"line":4,"column":0},"end":{"line":4,"column":30}}},"branchMap":{},"l":{"4":1}},
"D:\\Projects\\Slack Automation\\promact-oauth-server\\Promact.Oauth.Server\\src\\Promact.Oauth.Server\\wwwroot\\app\\users\\user-details\\user-details.component.js":{"path":"D:\\Projects\\Slack Automation\\promact-oauth-server\\Promact.Oauth.Server\\src\\Promact.Oauth.Server\\wwwroot\\app\\users\\user-details\\user-details.component.js","s":{"1":1,"2":1,"3":1,"4":1,"5":0,"6":0,"7":0,"8":1,"9":1,"10":1,"11":1,"12":1,"13":1,"14":1,"15":1,"16":1,"17":0,"18":0,"19":0,"20":0,"21":0,"22":0,"23":0,"24":0,"25":0,"26":0,"27":1,"28":1},"b":{"1":[1,1,1],"2":[1,0],"3":[0,0],"4":[1,0],"5":[1,1],"6":[0,0],"7":[0,0],"8":[0,0],"9":[0,0],"10":[1,0,0],"11":[1,1,1],"12":[1,0],"13":[1,1]},"f":{"1":1,"2":1,"3":0,"4":0,"5":0},"fnMap":{"1":{"name":"(anonymous_1)","line":2,"loc":{"start":{"line":2,"column":46},"end":{"line":2,"column":87}}},"2":{"name":"(anonymous_2)","line":8,"loc":{"start":{"line":8,"column":46},"end":{"line":8,"column":62}}},"3":{"name":"(anonymous_3)","line":16,"loc":{"start":{"line":16,"column":15},"end":{"line":16,"column":51}}},"4":{"name":"(anonymous_4)","line":22,"loc":{"start":{"line":22,"column":12},"end":{"line":22,"column":15}}},"5":{"name":"(anonymous_5)","line":29,"loc":{"start":{"line":29,"column":10},"end":{"line":29,"column":13}}}},"statementMap":{"1":{"start":{"line":2,"column":0},"end":{"line":7,"column":2}},"2":{"start":{"line":3,"column":4},"end":{"line":3,"column":129}},"3":{"start":{"line":4,"column":4},"end":{"line":5,"column":150}},"4":{"start":{"line":4,"column":79},"end":{"line":4,"column":131}},"5":{"start":{"line":5,"column":9},"end":{"line":5,"column":150}},"6":{"start":{"line":5,"column":58},"end":{"line":5,"column":150}},"7":{"start":{"line":5,"column":81},"end":{"line":5,"column":150}},"8":{"start":{"line":6,"column":4},"end":{"line":6,"column":66}},"9":{"start":{"line":8,"column":0},"end":{"line":10,"column":2}},"10":{"start":{"line":9,"column":4},"end":{"line":9,"column":109}},"11":{"start":{"line":9,"column":79},"end":{"line":9,"column":109}},"12":{"start":{"line":11,"column":0},"end":{"line":11,"column":40}},"13":{"start":{"line":12,"column":0},"end":{"line":12,"column":46}},"14":{"start":{"line":13,"column":0},"end":{"line":13,"column":50}},"15":{"start":{"line":14,"column":0},"end":{"line":14,"column":44}},"16":{"start":{"line":15,"column":0},"end":{"line":32,"column":2}},"17":{"start":{"line":17,"column":8},"end":{"line":17,"column":39}},"18":{"start":{"line":18,"column":8},"end":{"line":18,"column":27}},"19":{"start":{"line":19,"column":8},"end":{"line":19,"column":43}},"20":{"start":{"line":20,"column":8},"end":{"line":20,"column":49}},"21":{"start":{"line":23,"column":8},"end":{"line":27,"column":11}},"22":{"start":{"line":24,"column":12},"end":{"line":24,"column":54}},"23":{"start":{"line":25,"column":12},"end":{"line":26,"column":89}},"24":{"start":{"line":26,"column":35},"end":{"line":26,"column":51}},"25":{"start":{"line":26,"column":62},"end":{"line":26,"column":87}},"26":{"start":{"line":30,"column":8},"end":{"line":30,"column":52}},"27":{"start":{"line":33,"column":0},"end":{"line":39,"column":25}},"28":{"start":{"line":40,"column":0},"end":{"line":40,"column":52}}},"branchMap":{"1":{"line":2,"type":"binary-expr","locations":[{"start":{"line":2,"column":18},"end":{"line":2,"column":22}},{"start":{"line":2,"column":26},"end":{"line":2,"column":41}},{"start":{"line":2,"column":46},"end":{"line":7,"column":1}}]},"2":{"line":3,"type":"cond-expr","locations":[{"start":{"line":3,"column":42},"end":{"line":3,"column":48}},{"start":{"line":3,"column":51},"end":{"line":3,"column":125}}]},"3":{"line":3,"type":"cond-expr","locations":[{"start":{"line":3,"column":67},"end":{"line":3,"column":118}},{"start":{"line":3,"column":121},"end":{"line":3,"column":125}}]},"4":{"line":4,"type":"if","locations":[{"start":{"line":4,"column":4},"end":{"line":4,"column":4}},{"start":{"line":4,"column":4},"end":{"line":4,"column":4}}]},"5":{"line":4,"type":"binary-expr","locations":[{"start":{"line":4,"column":8},"end":{"line":4,"column":35}},{"start":{"line":4,"column":39},"end":{"line":4,"column":77}}]},"6":{"line":5,"type":"if","locations":[{"start":{"line":5,"column":58},"end":{"line":5,"column":58}},{"start":{"line":5,"column":58},"end":{"line":5,"column":58}}]},"7":{"line":5,"type":"binary-expr","locations":[{"start":{"line":5,"column":86},"end":{"line":5,"column":143}},{"start":{"line":5,"column":148},"end":{"line":5,"column":149}}]},"8":{"line":5,"type":"cond-expr","locations":[{"start":{"line":5,"column":94},"end":{"line":5,"column":98}},{"start":{"line":5,"column":101},"end":{"line":5,"column":143}}]},"9":{"line":5,"type":"cond-expr","locations":[{"start":{"line":5,"column":109},"end":{"line":5,"column":126}},{"start":{"line":5,"column":129},"end":{"line":5,"column":143}}]},"10":{"line":6,"type":"binary-expr","locations":[{"start":{"line":6,"column":11},"end":{"line":6,"column":16}},{"start":{"line":6,"column":20},"end":{"line":6,"column":21}},{"start":{"line":6,"column":25},"end":{"line":6,"column":62}}]},"11":{"line":8,"type":"binary-expr","locations":[{"start":{"line":8,"column":18},"end":{"line":8,"column":22}},{"start":{"line":8,"column":26},"end":{"line":8,"column":41}},{"start":{"line":8,"column":46},"end":{"line":10,"column":1}}]},"12":{"line":9,"type":"if","locations":[{"start":{"line":9,"column":4},"end":{"line":9,"column":4}},{"start":{"line":9,"column":4},"end":{"line":9,"column":4}}]},"13":{"line":9,"type":"binary-expr","locations":[{"start":{"line":9,"column":8},"end":{"line":9,"column":35}},{"start":{"line":9,"column":39},"end":{"line":9,"column":77}}]}},"l":{"2":1,"3":1,"4":1,"5":0,"6":1,"8":1,"9":1,"11":1,"12":1,"13":1,"14":1,"15":1,"17":0,"18":0,"19":0,"20":0,"23":0,"24":0,"25":0,"26":0,"30":0,"33":1,"40":1}},
"D:\\Projects\\Slack Automation\\promact-oauth-server\\Promact.Oauth.Server\\src\\Promact.Oauth.Server\\wwwroot\\app\\users\\user-edit\\user-edit.component.js":{"path":"D:\\Projects\\Slack Automation\\promact-oauth-server\\Promact.Oauth.Server\\src\\Promact.Oauth.Server\\wwwroot\\app\\users\\user-edit\\user-edit.component.js","s":{"1":1,"2":1,"3":1,"4":1,"5":0,"6":0,"7":0,"8":1,"9":1,"10":1,"11":1,"12":1,"13":1,"14":1,"15":1,"16":1,"17":1,"18":2,"19":2,"20":2,"21":2,"22":2,"23":2,"24":0,"25":0,"26":0,"27":0,"28":0,"29":0,"30":1,"31":1,"32":1,"33":1,"34":1,"35":1,"36":0,"37":0,"38":1,"39":0,"40":0,"41":1,"42":1},"b":{"1":[1,1,1],"2":[1,0],"3":[0,0],"4":[1,0],"5":[1,1],"6":[0,0],"7":[0,0],"8":[0,0],"9":[0,0],"10":[1,0,0],"11":[1,1,1],"12":[1,0],"13":[1,1],"14":[1,0],"15":[0,1],"16":[0,1]},"f":{"1":1,"2":1,"3":2,"4":0,"5":1,"6":1,"7":0},"fnMap":{"1":{"name":"(anonymous_1)","line":2,"loc":{"start":{"line":2,"column":46},"end":{"line":2,"column":87}}},"2":{"name":"(anonymous_2)","line":8,"loc":{"start":{"line":8,"column":46},"end":{"line":8,"column":62}}},"3":{"name":"(anonymous_3)","line":17,"loc":{"start":{"line":17,"column":15},"end":{"line":17,"column":61}}},"4":{"name":"(anonymous_4)","line":25,"loc":{"start":{"line":25,"column":12},"end":{"line":25,"column":15}}},"5":{"name":"(anonymous_5)","line":33,"loc":{"start":{"line":33,"column":12},"end":{"line":33,"column":15}}},"6":{"name":"(anonymous_6)","line":43,"loc":{"start":{"line":43,"column":12},"end":{"line":43,"column":19}}},"7":{"name":"(anonymous_7)","line":72,"loc":{"start":{"line":72,"column":10},"end":{"line":72,"column":13}}}},"statementMap":{"1":{"start":{"line":2,"column":0},"end":{"line":7,"column":2}},"2":{"start":{"line":3,"column":4},"end":{"line":3,"column":129}},"3":{"start":{"line":4,"column":4},"end":{"line":5,"column":150}},"4":{"start":{"line":4,"column":79},"end":{"line":4,"column":131}},"5":{"start":{"line":5,"column":9},"end":{"line":5,"column":150}},"6":{"start":{"line":5,"column":58},"end":{"line":5,"column":150}},"7":{"start":{"line":5,"column":81},"end":{"line":5,"column":150}},"8":{"start":{"line":6,"column":4},"end":{"line":6,"column":66}},"9":{"start":{"line":8,"column":0},"end":{"line":10,"column":2}},"10":{"start":{"line":9,"column":4},"end":{"line":9,"column":109}},"11":{"start":{"line":9,"column":79},"end":{"line":9,"column":109}},"12":{"start":{"line":11,"column":0},"end":{"line":11,"column":40}},"13":{"start":{"line":12,"column":0},"end":{"line":12,"column":44}},"14":{"start":{"line":13,"column":0},"end":{"line":13,"column":50}},"15":{"start":{"line":14,"column":0},"end":{"line":14,"column":46}},"16":{"start":{"line":15,"column":0},"end":{"line":15,"column":37}},"17":{"start":{"line":16,"column":0},"end":{"line":75,"column":2}},"18":{"start":{"line":18,"column":8},"end":{"line":18,"column":39}},"19":{"start":{"line":19,"column":8},"end":{"line":19,"column":27}},"20":{"start":{"line":20,"column":8},"end":{"line":20,"column":49}},"21":{"start":{"line":21,"column":8},"end":{"line":21,"column":27}},"22":{"start":{"line":22,"column":8},"end":{"line":22,"column":49}},"23":{"start":{"line":23,"column":8},"end":{"line":23,"column":30}},"24":{"start":{"line":26,"column":8},"end":{"line":26,"column":24}},"25":{"start":{"line":27,"column":8},"end":{"line":31,"column":11}},"26":{"start":{"line":28,"column":12},"end":{"line":28,"column":54}},"27":{"start":{"line":29,"column":12},"end":{"line":30,"column":89}},"28":{"start":{"line":30,"column":35},"end":{"line":30,"column":51}},"29":{"start":{"line":30,"column":62},"end":{"line":30,"column":87}},"30":{"start":{"line":34,"column":8},"end":{"line":41,"column":11}},"31":{"start":{"line":35,"column":12},"end":{"line":39,"column":13}},"32":{"start":{"line":36,"column":16},"end":{"line":38,"column":17}},"33":{"start":{"line":37,"column":20},"end":{"line":37,"column":53}},"34":{"start":{"line":45,"column":8},"end":{"line":54,"column":11}},"35":{"start":{"line":46,"column":12},"end":{"line":52,"column":13}},"36":{"start":{"line":47,"column":16},"end":{"line":47,"column":62}},"37":{"start":{"line":48,"column":16},"end":{"line":48,"column":63}},"38":{"start":{"line":50,"column":17},"end":{"line":52,"column":13}},"39":{"start":{"line":51,"column":16},"end":{"line":51,"column":80}},"40":{"start":{"line":73,"column":8},"end":{"line":73,"column":55}},"41":{"start":{"line":76,"column":0},"end":{"line":82,"column":22}},"42":{"start":{"line":83,"column":0},"end":{"line":83,"column":46}}},"branchMap":{"1":{"line":2,"type":"binary-expr","locations":[{"start":{"line":2,"column":18},"end":{"line":2,"column":22}},{"start":{"line":2,"column":26},"end":{"line":2,"column":41}},{"start":{"line":2,"column":46},"end":{"line":7,"column":1}}]},"2":{"line":3,"type":"cond-expr","locations":[{"start":{"line":3,"column":42},"end":{"line":3,"column":48}},{"start":{"line":3,"column":51},"end":{"line":3,"column":125}}]},"3":{"line":3,"type":"cond-expr","locations":[{"start":{"line":3,"column":67},"end":{"line":3,"column":118}},{"start":{"line":3,"column":121},"end":{"line":3,"column":125}}]},"4":{"line":4,"type":"if","locations":[{"start":{"line":4,"column":4},"end":{"line":4,"column":4}},{"start":{"line":4,"column":4},"end":{"line":4,"column":4}}]},"5":{"line":4,"type":"binary-expr","locations":[{"start":{"line":4,"column":8},"end":{"line":4,"column":35}},{"start":{"line":4,"column":39},"end":{"line":4,"column":77}}]},"6":{"line":5,"type":"if","locations":[{"start":{"line":5,"column":58},"end":{"line":5,"column":58}},{"start":{"line":5,"column":58},"end":{"line":5,"column":58}}]},"7":{"line":5,"type":"binary-expr","locations":[{"start":{"line":5,"column":86},"end":{"line":5,"column":143}},{"start":{"line":5,"column":148},"end":{"line":5,"column":149}}]},"8":{"line":5,"type":"cond-expr","locations":[{"start":{"line":5,"column":94},"end":{"line":5,"column":98}},{"start":{"line":5,"column":101},"end":{"line":5,"column":143}}]},"9":{"line":5,"type":"cond-expr","locations":[{"start":{"line":5,"column":109},"end":{"line":5,"column":126}},{"start":{"line":5,"column":129},"end":{"line":5,"column":143}}]},"10":{"line":6,"type":"binary-expr","locations":[{"start":{"line":6,"column":11},"end":{"line":6,"column":16}},{"start":{"line":6,"column":20},"end":{"line":6,"column":21}},{"start":{"line":6,"column":25},"end":{"line":6,"column":62}}]},"11":{"line":8,"type":"binary-expr","locations":[{"start":{"line":8,"column":18},"end":{"line":8,"column":22}},{"start":{"line":8,"column":26},"end":{"line":8,"column":41}},{"start":{"line":8,"column":46},"end":{"line":10,"column":1}}]},"12":{"line":9,"type":"if","locations":[{"start":{"line":9,"column":4},"end":{"line":9,"column":4}},{"start":{"line":9,"column":4},"end":{"line":9,"column":4}}]},"13":{"line":9,"type":"binary-expr","locations":[{"start":{"line":9,"column":8},"end":{"line":9,"column":35}},{"start":{"line":9,"column":39},"end":{"line":9,"column":77}}]},"14":{"line":35,"type":"if","locations":[{"start":{"line":35,"column":12},"end":{"line":35,"column":12}},{"start":{"line":35,"column":12},"end":{"line":35,"column":12}}]},"15":{"line":46,"type":"if","locations":[{"start":{"line":46,"column":12},"end":{"line":46,"column":12}},{"start":{"line":46,"column":12},"end":{"line":46,"column":12}}]},"16":{"line":50,"type":"if","locations":[{"start":{"line":50,"column":17},"end":{"line":50,"column":17}},{"start":{"line":50,"column":17},"end":{"line":50,"column":17}}]}},"l":{"2":1,"3":1,"4":1,"5":0,"6":1,"8":1,"9":1,"11":1,"12":1,"13":1,"14":1,"15":1,"16":1,"18":2,"19":2,"20":2,"21":2,"22":2,"23":2,"26":0,"27":0,"28":0,"29":0,"30":0,"34":1,"35":1,"36":1,"37":1,"45":1,"46":1,"47":0,"48":0,"50":1,"51":0,"73":0,"76":1,"83":1}},
"D:\\Projects\\Slack Automation\\promact-oauth-server\\Promact.Oauth.Server\\src\\Promact.Oauth.Server\\wwwroot\\app\\users\\user-list\\user-list.Component.js":{"path":"D:\\Projects\\Slack Automation\\promact-oauth-server\\Promact.Oauth.Server\\src\\Promact.Oauth.Server\\wwwroot\\app\\users\\user-list\\user-list.Component.js","s":{"1":1,"2":1,"3":1,"4":1,"5":0,"6":0,"7":0,"8":1,"9":1,"10":1,"11":1,"12":1,"13":1,"14":1,"15":1,"16":1,"17":1,"18":1,"19":1,"20":1,"21":2,"22":2,"23":0,"24":0,"25":1,"26":1,"27":1},"b":{"1":[1,1,1],"2":[1,0],"3":[0,0],"4":[1,0],"5":[1,1],"6":[0,0],"7":[0,0],"8":[0,0],"9":[0,0],"10":[1,0,0],"11":[1,1,1],"12":[1,0],"13":[1,1]},"f":{"1":1,"2":1,"3":1,"4":2,"5":0,"6":0,"7":1},"fnMap":{"1":{"name":"(anonymous_1)","line":2,"loc":{"start":{"line":2,"column":46},"end":{"line":2,"column":87}}},"2":{"name":"(anonymous_2)","line":8,"loc":{"start":{"line":8,"column":46},"end":{"line":8,"column":62}}},"3":{"name":"(anonymous_3)","line":16,"loc":{"start":{"line":16,"column":15},"end":{"line":16,"column":37}}},"4":{"name":"(anonymous_4)","line":22,"loc":{"start":{"line":22,"column":12},"end":{"line":22,"column":15}}},"5":{"name":"(anonymous_5)","line":28,"loc":{"start":{"line":28,"column":15},"end":{"line":28,"column":20}}},"6":{"name":"(anonymous_6)","line":31,"loc":{"start":{"line":31,"column":12},"end":{"line":31,"column":17}}},"7":{"name":"(anonymous_7)","line":34,"loc":{"start":{"line":34,"column":12},"end":{"line":34,"column":15}}}},"statementMap":{"1":{"start":{"line":2,"column":0},"end":{"line":7,"column":2}},"2":{"start":{"line":3,"column":4},"end":{"line":3,"column":129}},"3":{"start":{"line":4,"column":4},"end":{"line":5,"column":150}},"4":{"start":{"line":4,"column":79},"end":{"line":4,"column":131}},"5":{"start":{"line":5,"column":9},"end":{"line":5,"column":150}},"6":{"start":{"line":5,"column":58},"end":{"line":5,"column":150}},"7":{"start":{"line":5,"column":81},"end":{"line":5,"column":150}},"8":{"start":{"line":6,"column":4},"end":{"line":6,"column":66}},"9":{"start":{"line":8,"column":0},"end":{"line":10,"column":2}},"10":{"start":{"line":9,"column":4},"end":{"line":9,"column":109}},"11":{"start":{"line":9,"column":79},"end":{"line":9,"column":109}},"12":{"start":{"line":11,"column":0},"end":{"line":11,"column":40}},"13":{"start":{"line":12,"column":0},"end":{"line":12,"column":44}},"14":{"start":{"line":13,"column":0},"end":{"line":13,"column":50}},"15":{"start":{"line":14,"column":0},"end":{"line":14,"column":46}},"16":{"start":{"line":15,"column":0},"end":{"line":37,"column":2}},"17":{"start":{"line":17,"column":8},"end":{"line":17,"column":39}},"18":{"start":{"line":18,"column":8},"end":{"line":18,"column":29}},"19":{"start":{"line":19,"column":8},"end":{"line":19,"column":33}},"20":{"start":{"line":20,"column":8},"end":{"line":20,"column":49}},"21":{"start":{"line":23,"column":8},"end":{"line":26,"column":11}},"22":{"start":{"line":24,"column":12},"end":{"line":24,"column":31}},"23":{"start":{"line":29,"column":8},"end":{"line":29,"column":57}},"24":{"start":{"line":32,"column":8},"end":{"line":32,"column":54}},"25":{"start":{"line":35,"column":8},"end":{"line":35,"column":24}},"26":{"start":{"line":38,"column":0},"end":{"line":44,"column":22}},"27":{"start":{"line":45,"column":0},"end":{"line":45,"column":46}}},"branchMap":{"1":{"line":2,"type":"binary-expr","locations":[{"start":{"line":2,"column":18},"end":{"line":2,"column":22}},{"start":{"line":2,"column":26},"end":{"line":2,"column":41}},{"start":{"line":2,"column":46},"end":{"line":7,"column":1}}]},"2":{"line":3,"type":"cond-expr","locations":[{"start":{"line":3,"column":42},"end":{"line":3,"column":48}},{"start":{"line":3,"column":51},"end":{"line":3,"column":125}}]},"3":{"line":3,"type":"cond-expr","locations":[{"start":{"line":3,"column":67},"end":{"line":3,"column":118}},{"start":{"line":3,"column":121},"end":{"line":3,"column":125}}]},"4":{"line":4,"type":"if","locations":[{"start":{"line":4,"column":4},"end":{"line":4,"column":4}},{"start":{"line":4,"column":4},"end
[...]
"column":48}},"29":{"start":{"line":34,"column":8},"end":{"line":59,"column":11}},"30":{"start":{"line":35,"column":12},"end":{"line":35,"column":35}},"31":{"start":{"line":36,"column":12},"end":{"line":58,"column":15}},"32":{"start":{"line":37,"column":16},"end":{"line":37,"column":31}},"33":{"start":{"line":38,"column":16},"end":{"line":57,"column":19}},"34":{"start":{"line":39,"column":20},"end":{"line":39,"column":51}},"35":{"start":{"line":40,"column":20},"end":{"line":41,"column":64}},"36":{"start":{"line":41,"column":24},"end":{"line":41,"column":64}},"37":{"start":{"line":42,"column":20},"end":{"line":56,"column":21}},"38":{"start":{"line":43,"column":24},"end":{"line":55,"column":25}},"39":{"start":{"line":44,"column":28},"end":{"line":54,"column":29}},"40":{"start":{"line":45,"column":32},"end":{"line":45,"column":97}},"41":{"start":{"line":46,"column":32},"end":{"line":46,"column":103}},"42":{"start":{"line":47,"column":32},"end":{"line":47,"column":103}},"43":{"start":{"line":48,"column":32},"end":{"line":48,"column":103}},"44":{"start":{"line":49,"column":32},"end":{"line":49,"column":107}},"45":{"start":{"line":50,"column":32},"end":{"line":50,"column":125}},"46":{"start":{"line":51,"column":32},"end":{"line":51,"column":121}},"47":{"start":{"line":52,"column":32},"end":{"line":52,"column":109}},"48":{"start":{"line":53,"column":32},"end":{"line":53,"column":113}},"49":{"start":{"line":65,"column":8},"end":{"line":65,"column":29}},"50":{"start":{"line":72,"column":8},"end":{"line":87,"column":11}},"51":{"start":{"line":73,"column":12},"end":{"line":85,"column":13}},"52":{"start":{"line":74,"column":16},"end":{"line":74,"column":79}},"53":{"start":{"line":76,"column":17},"end":{"line":85,"column":13}},"54":{"start":{"line":77,"column":16},"end":{"line":77,"column":67}},"55":{"start":{"line":79,"column":17},"end":{"line":85,"column":13}},"56":{"start":{"line":80,"column":16},"end":{"line":80,"column":58}},"57":{"start":{"line":83,"column":16},"end":{"line":83,"column":65}},"58":{"start":{"line":84,"column":16},"end":{"line":84,"column":56}},"59":{"start":{"line":90,"column":0},"end":{"line":93,"column":52}},"60":{"start":{"line":94,"column":0},"end":{"line":101,"column":25}},"61":{"start":{"line":102,"column":0},"end":{"line":102,"column":52}}},"branchMap":{"1":{"line":2,"type":"binary-expr","locations":[{"start":{"line":2,"column":18},"end":{"line":2,"column":22}},{"start":{"line":2,"column":26},"end":{"line":2,"column":41}},{"start":{"line":2,"column":46},"end":{"line":7,"column":1}}]},"2":{"line":3,"type":"cond-expr","locations":[{"start":{"line":3,"column":42},"end":{"line":3,"column":48}},{"start":{"line":3,"column":51},"end":{"line":3,"column":125}}]},"3":{"line":3,"type":"cond-expr","locations":[{"start":{"line":3,"column":67},"end":{"line":3,"column":118}},{"start":{"line":3,"column":121},"end":{"line":3,"column":125}}]},"4":{"line":4,"type":"if","locations":[{"start":{"line":4,"column":4},"end":{"line":4,"column":4}},{"start":{"line":4,"column":4},"end":{"line":4,"column":4}}]},"5":{"line":4,"type":"binary-expr","locations":[{"start":{"line":4,"column":8},"end":{"line":4,"column":35}},{"start":{"line":4,"column":39},"end":{"line":4,"column":77}}]},"6":{"line":5,"type":"if","locations":[{"start":{"line":5,"column":58},"end":{"line":5,"column":58}},{"start":{"line":5,"column":58},"end":{"line":5,"column":58}}]},"7":{"line":5,"type":"binary-expr","locations":[{"start":{"line":5,"column":86},"end":{"line":5,"column":143}},{"start":{"line":5,"column":148},"end":{"line":5,"column":149}}]},"8":{"line":5,"type":"cond-expr","locations":[{"start":{"line":5,"column":94},"end":{"line":5,"column":98}},{"start":{"line":5,"column":101},"end":{"line":5,"column":143}}]},"9":{"line":5,"type":"cond-expr","locations":[{"start":{"line":5,"column":109},"end":{"line":5,"column":126}},{"start":{"line":5,"column":129},"end":{"line":5,"column":143}}]},"10":{"line":6,"type":"binary-expr","locations":[{"start":{"line":6,"column":11},"end":{"line":6,"column":16}},{"start":{"line":6,"column":20},"end":{"line":6,"column":21}},{"start":{"line":6,"column":25},"end":{"line":6,"column":62}}]},"11":{"line":8,"type":"binary-expr","locations":[{"start":{"line":8,"column":18},"end":{"line":8,"column":22}},{"start":{"line":8,"column":26},"end":{"line":8,"column":41}},{"start":{"line":8,"column":46},"end":{"line":10,"column":1}}]},"12":{"line":9,"type":"if","locations":[{"start":{"line":9,"column":4},"end":{"line":9,"column":4}},{"start":{"line":9,"column":4},"end":{"line":9,"column":4}}]},"13":{"line":9,"type":"binary-expr","locations":[{"start":{"line":9,"column":8},"end":{"line":9,"column":35}},{"start":{"line":9,"column":39},"end":{"line":9,"column":77}}]},"14":{"line":40,"type":"if","locations":[{"start":{"line":40,"column":20},"end":{"line":40,"column":20}},{"start":{"line":40,"column":20},"end":{"line":40,"column":20}}]},"15":{"line":44,"type":"if","locations":[{"start":{"line":44,"column":28},"end":{"line":44,"column":28}},{"start":{"line":44,"column":28},"end":{"line":44,"column":28}}]},"16":{"line":73,"type":"if","locations":[{"start":{"line":73,"column":12},"end":{"line":73,"column":12}},{"start":{"line":73,"column":12},"end":{"line":73,"column":12}}]},"17":{"line":73,"type":"binary-expr","locations":[{"start":{"line":73,"column":16},"end":{"line":73,"column":32}},{"start":{"line":73,"column":36},"end":{"line":73,"column":64}}]},"18":{"line":76,"type":"if","locations":[{"start":{"line":76,"column":17},"end":{"line":76,"column":17}},{"start":{"line":76,"column":17},"end":{"line":76,"column":17}}]},"19":{"line":76,"type":"binary-expr","locations":[{"start":{"line":76,"column":21},"end":{"line":76,"column":37}},{"start":{"line":76,"column":41},"end":{"line":76,"column":69}}]},"20":{"line":79,"type":"if","locations":[{"start":{"line":79,"column":17},"end":{"line":79,"column":17}},{"start":{"line":79,"column":17},"end":{"line":79,"column":17}}]},"21":{"line":79,"type":"binary-expr","locations":[{"start":{"line":79,"column":21},"end":{"line":79,"column":37}},{"start":{"line":79,"column":41},"end":{"line":79,"column":69}}]}},"l":{"2":1,"3":2,"4":2,"5":0,"6":2,"8":1,"9":2,"11":1,"12":1,"13":1,"14":1,"15":1,"16":1,"17":1,"18":1,"20":2,"21":2,"22":2,"23":2,"24":2,"25":2,"31":1,"32":1,"33":1,"34":1,"35":1,"36":1,"37":1,"38":1,"39":1,"40":1,"41":1,"42":1,"43":0,"44":0,"45":0,"46":0,"47":0,"48":0,"49":0,"50":0,"51":0,"52":0,"53":0,"65":0,"72":1,"73":1,"74":1,"76":0,"77":0,"79":0,"80":0,"83":0,"84":0,"90":1,"94":1,"102":1}},
"D:\\Projects\\Slack Automation\\promact-oauth-server\\Promact.Oauth.Server\\src\\Promact.Oauth.Server\\wwwroot\\app\\project\\project-list\\Project-list.Component.js":{"path":"D:\\Projects\\Slack Automation\\promact-oauth-server\\Promact.Oauth.Server\\src\\Promact.Oauth.Server\\wwwroot\\app\\project\\project-list\\Project-list.Component.js","s":{"1":1,"2":1,"3":1,"4":1,"5":0,"6":0,"7":0,"8":1,"9":1,"10":1,"11":1,"12":1,"13":1,"14":1,"15":1,"16":1,"17":1,"18":1,"19":1,"20":1,"21":1,"22":1,"23":1,"24":1,"25":1,"26":0,"27":0,"28":1,"29":1},"b":{"1":[1,1,1],"2":[1,0],"3":[0,0],"4":[1,0],"5":[1,1],"6":[0,0],"7":[0,0],"8":[0,0],"9":[0,0],"10":[1,0,0],"11":[1,1,1],"12":[1,0],"13":[1,1]},"f":{"1":1,"2":1,"3":1,"4":1,"5":1,"6":0,"7":0},"fnMap":{"1":{"name":"(anonymous_1)","line":2,"loc":{"start":{"line":2,"column":46},"end":{"line":2,"column":87}}},"2":{"name":"(anonymous_2)","line":8,"loc":{"start":{"line":8,"column":46},"end":{"line":8,"column":62}}},"3":{"name":"(anonymous_3)","line":17,"loc":{"start":{"line":17,"column":15},"end":{"line":17,"column":43}}},"4":{"name":"(anonymous_4)","line":24,"loc":{"start":{"line":24,"column":11},"end":{"line":24,"column":14}}},"5":{"name":"(anonymous_5)","line":30,"loc":{"start":{"line":30,"column":12},"end":{"line":30,"column":15}}},"6":{"name":"(anonymous_6)","line":33,"loc":{"start":{"line":33,"column":15},"end":{"line":33,"column":20}}},"7":{"name":"(anonymous_7)","line":36,"loc":{"start":{"line":36,"column":15},"end":{"line":36,"column":20}}}},"statementMap":{"1":{"start":{"line":2,"column":0},"end":{"line":7,"column":2}},"2":{"start":{"line":3,"column":4},"end":{"line":3,"column":129}},"3":{"start":{"line":4,"column":4},"end":{"line":5,"column":150}},"4":{"start":{"line":4,"column":79},"end":{"line":4,"column":131}},"5":{"start":{"line":5,"column":9},"end":{"line":5,"column":150}},"6":{"start":{"line":5,"column":58},"end":{"line":5,"column":150}},"7":{"start":{"line":5,"column":81},"end":{"line":5,"column":150}},"8":{"start":{"line":6,"column":4},"end":{"line":6,"column":66}},"9":{"start":{"line":8,"column":0},"end":{"line":10,"column":2}},"10":{"start":{"line":9,"column":4},"end":{"line":9,"column":109}},"11":{"start":{"line":9,"column":79},"end":{"line":9,"column":109}},"12":{"start":{"line":11,"column":0},"end":{"line":11,"column":40}},"13":{"start":{"line":12,"column":0},"end":{"line":12,"column":56}},"14":{"start":{"line":13,"column":0},"end":{"line":13,"column":52}},"15":{"start":{"line":14,"column":0},"end":{"line":14,"column":44}},"16":{"start":{"line":15,"column":0},"end":{"line":15,"column":37}},"17":{"start":{"line":16,"column":0},"end":{"line":39,"column":2}},"18":{"start":{"line":18,"column":8},"end":{"line":18,"column":29}},"19":{"start":{"line":19,"column":8},"end":{"line":19,"column":37}},"20":{"start":{"line":20,"column":8},"end":{"line":20,"column":27}},"21":{"start":{"line":21,"column":8},"end":{"line":21,"column":32}},"22":{"start":{"line":22,"column":8},"end":{"line":22,"column":54}},"23":{"start":{"line":25,"column":8},"end":{"line":28,"column":11}},"24":{"start":{"line":26,"column":12},"end":{"line":26,"column":29}},"25":{"start":{"line":31,"column":8},"end":{"line":31,"column":23}},"26":{"start":{"line":34,"column":8},"end":{"line":34,"column":57}},"27":{"start":{"line":37,"column":8},"end":{"line":37,"column":57}},"28":{"start":{"line":40,"column":0},"end":{"line":47,"column":25}},"29":{"start":{"line":48,"column":0},"end":{"line":48,"column":52}}},"branchMap":{"1":{"line":2,"type":"binary-expr","locations":[{"start":{"line":2,"column":18},"end":{"line":2,"column":22}},{"start":{"line":2,"column":26},"end":{"line":2,"column":41}},{"start":{"line":2,"column":46},"end":{"line":7,"column":1}}]},"2":{"line":3,"type":"cond-expr","locations":[{"start":{"line":3,"column":42},"end":{"line":3,"column":48}},{"start":{"line":3,"column":51},"end":{"line":3,"column":125}}]},"3":{"line":3,"type":"cond-expr","locations":[{"start":{"line":3,"column":67},"end":{"line":3,"column":118}},{"start":{"line":3,"column":121},"end":{"line":3,"column":125}}]},"4":{"line":4,"type":"if","locations":[{"start":{"line":4,"column":4},"end":{"line":4,"column":4}},{"start":{"line":4,"column":4},"end":{"line":4,"column":4}}]},"5":{"line":4,"type":"binary-expr","locations":[{"start":{"line":4,"column":8},"end":{"line":4,"column":35}},{"start":{"line":4,"column":39},"end":{"line":4,"column":77}}]},"6":{"line":5,"type":"if","locations":[{"start":{"line":5,"column":58},"end":{"line":5,"column":58}},{"start":{"line":5,"column":58},"end":{"line":5,"column":58}}]},"7":{"line":5,"type":"binary-expr","locations":[{"start":{"line":5,"column":86},"end":{"line":5,"column":143}},{"start":{"line":5,"column":148},"end":{"line":5,"column":149}}]},"8":{"line":5,"type":"cond-expr","locations":[{"start":{"line":5,"column":94},"end":{"line":5,"column":98}},{"start":{"line":5,"column":101},"end":{"line":5,"column":143}}]},"9":{"line":5,"type":"cond-expr","locations":[{"start":{"line":5,"column":109},"end":{"line":5,"column":126}},{"start":{"line":5,"column":129},"end":{"line":5,"column":143}}]},"10":{"line":6,"type":"binary-expr","locations":[{"start":{"line":6,"column":11},"end":{"line":6,"column":16}},{"start":{"line":6,"column":20},"end":{"line":6,"column":21}},{"start":{"line":6,"column":25},"end":{"line":6,"column":62}}]},"11":{"line":8,"type":"binary-expr","locations":[{"start":{"line":8,"column":18},"end":{"line":8,"column":22}},{"start":{"line":8,"column":26},"end":{"line":8,"column":41}},{"start":{"line":8,"column":46},"end":{"line":10,"column":1}}]},"12":{"line":9,"type":"if","locations":[{"start":{"line":9,"column":4},"end":{"line":9,"column":4}},{"start":{"line":9,"column":4},"end":{"line":9,"column":4}}]},"13":{"line":9,"type":"binary-expr","locations":[{"start":{"line":9,"column":8},"end":{"line":9,"column":35}},{"start":{"line":9,"column":39},"end":{"line":9,"column":77}}]}},"l":{"2":1,"3":1,"4":1,"5":0,"6":1,"8":1,"9":1,"11":1,"12":1,"13":1,"14":1,"15":1,"16":1,"18":1,"19":1,"20":1,"21":1,"22":1,"25":1,"26":1,"31":1,"34":0,"37":0,"40":1,"48":1}},
"D:\\Projects\\Slack Automation\\promact-oauth-server\\Promact.Oauth.Server\\src\\Promact.Oauth.Server\\wwwroot\\app\\project\\project-view\\project-view.component.js":{"path":"D:\\Projects\\Slack Automation\\promact-oauth-server\\Promact.Oauth.Server\\src\\Promact.Oauth.Server\\wwwroot\\app\\project\\project-view\\project-view.component.js","s":{"1":1,"2":1,"3":1,"4":1,"5":0,"6":0,"7":0,"8":1,"9":1,"10":1,"11":1,"12":1,"13":1,"14":1,"15":1,"16":1,"17":1,"18":1,"19":1,"20":1,"21":1,"22":1,"23":1,"24":1,"25":1,"26":1,"27":1,"28":1,"29":1,"30":0,"31":0,"32":0,"33":0,"34":0,"35":0,"36":0,"37":0,"38":0,"39":0,"40":0,"41":0,"42":1,"43":1},"b":{"1":[1,1,1],"2":[1,0],"3":[0,0],"4":[1,0],"5":[1,1],"6":[0,0],"7":[0,0],"8":[0,0],"9":[0,0],"10":[1,0,0],"11":[1,1,1],"12":[1,0],"13":[1,1],"14":[1,0],"15":[0,0]},"f":{"1":1,"2":1,"3":1,"4":1,"5":0},"fnMap":{"1":{"name":"(anonymous_1)","line":2,"loc":{"start":{"line":2,"column":46},"end":{"line":2,"column":87}}},"2":{"name":"(anonymous_2)","line":8,"loc":{"start":{"line":8,"column":46},"end":{"line":8,"column":62}}},"3":{"name":"(anonymous_3)","line":16,"loc":{"start":{"line":16,"column":15},"end":{"line":16,"column":50}}},"4":{"name":"(anonymous_4)","line":25,"loc":{"start":{"line":25,"column":12},"end":{"line":25,"column":15}}},"5":{"name":"(anonymous_5)","line":53,"loc":{"start":{"line":53,"column":16},"end":{"line":53,"column":19}}}},"statementMap":{"1":{"start":{"line":2,"column":0},"end":{"line":7,"column":2}},"2":{"start":{"line":3,"column":4},"end":{"line":3,"column":129}},"3":{"start":{"line":4,"column":4},"end":{"line":5,"column":150}},"4":{"start":{"line":4,"column":79},"end":{"line":4,"column":131}},"5":{"start":{"line":5,"column":9},"end":{"line":5,"column":150}},"6":{"start":{"line":5,"column":58},"end":{"line":5,"column":150}},"7":{"start":{"line":5,"column":81},"end":{"line":5,"column":150}},"8":{"start":{"line":6,"column":4},"end":{"line":6,"column":66}},"9":{"start":{"line":8,"column":0},"end":{"line":10,"column":2}},"10":{"start":{"line":9,"column":4},"end":{"line":9,"column":109}},"11":{"start":{"line":9,"column":79},"end":{"line":9,"column":109}},"12":{"start":{"line":11,"column":0},"end":{"line":11,"column":40}},"13":{"start":{"line":12,"column":0},"end":{"line":12,"column":56}},"14":{"start":{"line":13,"column":0},"end":{"line":13,"column":44}},"15":{"start":{"line":14,"column":0},"end":{"line":14,"column":44}},"16":{"start":{"line":15,"column":0},"end":{"line":56,"column":2}},"17":{"start":{"line":17,"column":8},"end":{"line":17,"column":27}},"18":{"start":{"line":18,"column":8},"end":{"line":18,"column":29}},"19":{"start":{"line":19,"column":8},"end":{"line":19,"column":31}},"20":{"start":{"line":20,"column":8},"end":{"line":20,"column":33}},"21":{"start":{"line":26,"column":8},"end":{"line":51,"column":11}},"22":{"start":{"line":27,"column":12},"end":{"line":27,"column":35}},"23":{"start":{"line":28,"column":12},"end":{"line":50,"column":15}},"24":{"start":{"line":29,"column":16},"end":{"line":29,"column":31}},"25":{"start":{"line":30,"column":16},"end":{"line":49,"column":19}},"26":{"start":{"line":31,"column":20},"end":{"line":31,"column":51}},"27":{"start":{"line":32,"column":20},"end":{"line":33,"column":64}},"28":{"start":{"line":33,"column":24},"end":{"line":33,"column":64}},"29":{"start":{"line":34,"column":20},"end":{"line":48,"column":21}},"30":{"start":{"line":35,"column":24},"end":{"line":47,"column":25}},"31":{"start":{"line":36,"column":28},"end":{"line":46,"column":29}},"32":{"start":{"line":37,"column":32},"end":{"line":37,"column":97}},"33":{"start":{"line":38,"column":32},"end":{"line":38,"column":103}},"34":{"start":{"line":39,"column":32},"end":{"line":39,"column":103}},"35":{"start":{"line":40,"column":32},"end":{"line":40,"column":103}},"36":{"start":{"line":41,"column":32},"end":{"line":41,"column":107}},"37":{"start":{"line":42,"column":32},"end":{"line":42,"column":125}},"38":{"start":{"line":43,"column":32},"end":{"line":43,"column":121}},"39":{"start":{"line":44,"column":32},"end":{"line":44,"column":109}},"40":{"start":{"line":45,"column":32},"end":{"line":45,"column":113}},"41":{"start":{"line":54,"column":8},"end":{"line":54,"column":29}},"42":{"start":{"line":57,"column":0},"end":{"line":63,"column":25}},"43":{"start":{"line":64,"column":0},"end":{"line":64,"column":52}}},"branchMap":{"1":{"line":2,"type":"binary-expr","locations":[{"start":{"line":2,"column":18},"end":{"line":2,"column":22}},{"start":{"line":2,"column":26},"end":{"line":2,"column":41}},{"start":{"line":2,"column":46},"end":{"line":7,"column":1}}]},"2":{"line":3,"type":"cond-expr","locations":[{"start":{"line":3,"column":42},"end":{"line":3,"column":48}},{"start":{"line":3,"column":51},"end":{"line":3,"column":125}}]},"3":{"line":3,"type":"cond-expr","locations":[{"start":{"line":3,"column":67},"end":{"line":3,"column":118}},{"start":{"line":3,"column":121},"end":{"line":3,"column":125}}]},"4":{"line":4,"type":"if","locations":[{"start":{"line":4,"column":4},"end":{"line":4,"column":4}},{"start":{"line":4,"column":4},"end":{"line":4,"column":4}}]},"5":{"line":4,"type":"binary-expr","locations":[{"start":{"line":4,"column":8},"end":{"line":4,"column":35}},{"start":{"line":4,"column":39},"end":{"line":4,"column":77}}]},"6":{"line":5,"type":"if","locations":[{"start":{"line":5,"column":58},"end":{"line":5,"column":58}},{"start":{"line":5,"column":58},"end":{"line":5,"column":58}}]},"7":{"line":5,"type":"binary-expr","locations":[{"start":{"line":5,"column":86},"end":{"line":5,"column":143}},{"start":{"line":5,"column":148},"end":{"line":5,"column":149}}]},"8":{"line":5,"type":"cond-expr","locations":[{"start":{"line":5,"column":94},"end":{"line":5,"column":98}},{"start":{"line":5,"column":101},"end":{"line":5,"column":143}}]},"9":{"line":5,"type":"cond-expr","locations":[{"start":{"line":5,"column":109},"end":{"line":5,"column":126}},{"start":{"line":5,"column":129},"end":{"line":5,"column":143}}]},"10":{"line":6,"type":"binary-expr","locations":[{"start":{"line":6,"column":11},"end":{"line":6,"column":16}},{"start":{"line":6,"column":20},"end":{"line":6,"column":21}},{"start":{"line":6,"column":25},"end":{"line":6,"column":62}}]},"11":{"line":8,"type":"binary-expr","locations":[{"start":{"line":8,"column":18},"end":{"line":8,"column":22}},{"start":{"line":8,"column":26},"end":{"line":8,"column":41}},{"start":{"line":8,"column":46},"end":{"line":10,"column":1}}]},"12":{"line":9,"type":"if","locations":[{"start":{"line":9,"column":4},"end":{"line":9,"column":4}},{"start":{"line":9,"column":4},"end":{"line":9,"column":4}}]},"13":{"line":9,"type":"binary-expr","locations":[{"start":{"line":9,"column":8},"end":{"line":9,"column":35}},{"start":{"line":9,"column":39},"end":{"line":9,"column":77}}]},"14":{"line":32,"type":"if","locations":[{"start":{"line":32,"column":20},"end":{"line":32,"column":20}},{"start":{"line":32,"column":20},"end":{"line":32,"column":20}}]},"15":{"line":36,"type":"if","locations":[{"start":{"line":36,"column":28},"end":{"line":36,"column":28}},{"start":{"line":36,"column":28},"end":{"line":36,"column":28}}]}},"l":{"2":1,"3":1,"4":1,"5":0,"6":1,"8":1,"9":1,"11":1,"12":1,"13":1,"14":1,"15":1,"17":1,"18":1,"19":1,"20":1,"26":1,"27":1,"28":1,"29":1,"30":1,"31":1,"32":1,"33":1,"34":1,"35":0,"36":0,"37":0,"38":0,"39":0,"40":0,"41":0,"42":0,"43":0,"44":0,"45":0,"54":0,"57":1,"64":1}}}
